23.12.2024, 00:08:41 [info]: [searchPosts] Executing query: SELECT title, content, creation_date, category_name
            FROM posts
            WHERE 1=1
              AND (? IS NULL OR title LIKE ?)
              AND (? IS NULL OR category_name = ?)
              AND (? IS NULL OR creation_date >= ?)
              AND (? IS NULL OR creation_date <= ?);
             with parameters: [%a%, %a%, null, null, 2024-12-23, 2024-12-23, null, null]
23.12.2024, 00:08:41 [info]: [searchPosts] Query executed successfully, returned 0 result(s)
23.12.2024, 00:08:48 [info]: [searchPosts] Executing query: SELECT title, content, creation_date, category_name
            FROM posts
            WHERE 1=1
              AND (? IS NULL OR title LIKE ?)
              AND (? IS NULL OR category_name = ?)
              AND (? IS NULL OR creation_date >= ?)
              AND (? IS NULL OR creation_date <= ?);
             with parameters: [%a%, %a%, null, null, 2024-12-03, 2024-12-03, null, null]
23.12.2024, 00:08:48 [info]: [searchPosts] Query executed successfully, returned 3 result(s)
23.12.2024, 00:09:17 [info]: [validateAndUpdateSession] No session ID provided
23.12.2024, 10:37:52 [info]: [validateAndUpdateSession] No session ID provided
23.12.2024, 10:37:56 [info]: [validateAndUpdateSession] No session ID provided
23.12.2024, 10:37:59 [info]: [validateAndUpdateSession] No session ID provided
23.12.2024, 10:38:06 [info]: Loading route file: route_account_management.js
23.12.2024, 10:38:06 [info]: Loading route file: route_blog.js
23.12.2024, 10:38:06 [info]: Server is running on http://localhost:3000
23.12.2024, 10:38:06 [error]: Fehler beim Überprüfen des Uvicorn-Servers: connect ECONNREFUSED 127.0.0.1:8001
23.12.2024, 10:38:07 [info]: Database connection established
23.12.2024, 10:38:08 [info]: [validateAndUpdateSession] No session ID provided
23.12.2024, 10:38:15 [info]: [searchPosts] Executing query: SELECT title, content, creation_date, category_name
            FROM posts
            WHERE 1=1
              AND (? IS NULL OR title LIKE ?)
              AND (? IS NULL OR category_name = ?)
              AND (? IS NULL OR creation_date >= ?)
              AND (? IS NULL OR creation_date <= ?);
             with parameters: [%a%, %a%, null, null, null, null, null, null]
23.12.2024, 10:38:16 [info]: [searchPosts] Query executed successfully, returned 3 result(s)
23.12.2024, 10:38:19 [info]: [searchPosts] Executing query: SELECT title, content, creation_date, category_name
            FROM posts
            WHERE 1=1
              AND (? IS NULL OR title LIKE ?)
              AND (? IS NULL OR category_name = ?)
              AND (? IS NULL OR creation_date >= ?)
              AND (? IS NULL OR creation_date <= ?);
             with parameters: [%a%, %a%, Industry Insights, Industry Insights, null, null, null, null]
23.12.2024, 10:38:19 [info]: [searchPosts] Query executed successfully, returned 2 result(s)
23.12.2024, 10:38:24 [info]: [searchPosts] Executing query: SELECT title, content, creation_date, category_name
            FROM posts
            WHERE 1=1
              AND (? IS NULL OR title LIKE ?)
              AND (? IS NULL OR category_name = ?)
              AND (? IS NULL OR creation_date >= ?)
              AND (? IS NULL OR creation_date <= ?);
             with parameters: [%a%, %a%, Industry Insights, Industry Insights, 2024-12-05, 2024-12-05, null, null]
23.12.2024, 10:38:24 [info]: [searchPosts] Query executed successfully, returned 2 result(s)
23.12.2024, 10:38:26 [info]: [searchPosts] Executing query: SELECT title, content, creation_date, category_name
            FROM posts
            WHERE 1=1
              AND (? IS NULL OR title LIKE ?)
              AND (? IS NULL OR category_name = ?)
              AND (? IS NULL OR creation_date >= ?)
              AND (? IS NULL OR creation_date <= ?);
             with parameters: [%a%, %a%, Industry Insights, Industry Insights, 2024-12-05, 2024-12-05, null, null]
23.12.2024, 10:38:26 [info]: [searchPosts] Query executed successfully, returned 2 result(s)
23.12.2024, 10:38:30 [info]: [searchPosts] Executing query: SELECT title, content, creation_date, category_name
            FROM posts
            WHERE 1=1
              AND (? IS NULL OR title LIKE ?)
              AND (? IS NULL OR category_name = ?)
              AND (? IS NULL OR creation_date >= ?)
              AND (? IS NULL OR creation_date <= ?);
             with parameters: [%a%, %a%, Industry Insights, Industry Insights, 2024-12-05, 2024-12-05, 2024-12-22, 2024-12-22]
23.12.2024, 10:38:30 [info]: [searchPosts] Query executed successfully, returned 2 result(s)
23.12.2024, 10:38:33 [info]: [searchPosts] Executing query: SELECT title, content, creation_date, category_name
            FROM posts
            WHERE 1=1
              AND (? IS NULL OR title LIKE ?)
              AND (? IS NULL OR category_name = ?)
              AND (? IS NULL OR creation_date >= ?)
              AND (? IS NULL OR creation_date <= ?);
             with parameters: [%a%, %a%, Industry Insights, Industry Insights, 2024-12-05, 2024-12-05, 2024-12-03, 2024-12-03]
23.12.2024, 10:38:33 [info]: [searchPosts] Query executed successfully, returned 0 result(s)
23.12.2024, 10:38:41 [info]: [searchPosts] Executing query: SELECT title, content, creation_date, category_name
            FROM posts
            WHERE 1=1
              AND (? IS NULL OR title LIKE ?)
              AND (? IS NULL OR category_name = ?)
              AND (? IS NULL OR creation_date >= ?)
              AND (? IS NULL OR creation_date <= ?);
             with parameters: [%a%, %a%, null, null, null, null, null, null]
23.12.2024, 10:38:41 [info]: [searchPosts] Query executed successfully, returned 3 result(s)
23.12.2024, 10:38:44 [info]: [searchPosts] Executing query: SELECT title, content, creation_date, category_name
            FROM posts
            WHERE 1=1
              AND (? IS NULL OR title LIKE ?)
              AND (? IS NULL OR category_name = ?)
              AND (? IS NULL OR creation_date >= ?)
              AND (? IS NULL OR creation_date <= ?);
             with parameters: [%a%, %a%, Product Updates, Product Updates, null, null, null, null]
23.12.2024, 10:38:45 [info]: [searchPosts] Executing query: SELECT title, content, creation_date, category_name
            FROM posts
            WHERE 1=1
              AND (? IS NULL OR title LIKE ?)
              AND (? IS NULL OR category_name = ?)
              AND (? IS NULL OR creation_date >= ?)
              AND (? IS NULL OR creation_date <= ?);
             with parameters: [%a%, %a%, Product Updates, Product Updates, null, null, null, null]
23.12.2024, 10:38:45 [info]: [searchPosts] Query executed successfully, returned 1 result(s)
23.12.2024, 10:38:46 [info]: [searchPosts] Query executed successfully, returned 1 result(s)
23.12.2024, 10:38:49 [info]: [validateAndUpdateSession] No session ID provided
23.12.2024, 10:40:48 [info]: Loading route file: route_account_management.js
23.12.2024, 10:40:49 [info]: Loading route file: route_blog.js
23.12.2024, 10:40:49 [info]: Server is running on http://localhost:3000
23.12.2024, 10:40:49 [error]: Fehler beim Überprüfen des Uvicorn-Servers: connect ECONNREFUSED 127.0.0.1:8001
23.12.2024, 10:40:49 [info]: [validateAndUpdateSession] No session ID provided
23.12.2024, 10:40:49 [info]: Database connection established
23.12.2024, 10:40:50 [info]: [validateAndUpdateSession] No session ID provided
23.12.2024, 10:47:18 [info]: [validateAndUpdateSession] No session ID provided
23.12.2024, 10:47:24 [info]: [encryptPassword] Password encrypted successfully
23.12.2024, 10:47:24 [info]: [unsafeValidateLogin] Login successful: username=admin
23.12.2024, 10:47:24 [info]: [generateUUID] Generated UUID: b8991684-e1d6-464b-a25a-4a76b90b943c
23.12.2024, 10:47:24 [info]: [unsafeGenerateSession] Starting session creation for user: admin
23.12.2024, 10:47:25 [info]: [unsafeGenerateSession] Deleted 1 session(s) for user ID: 9
23.12.2024, 10:47:25 [info]: [unsafeGenerateSession] Session created: ID=b8991684-e1d6-464b-a25a-4a76b90b943c, user=admin
23.12.2024, 10:47:25 [info]: [unsafeLogin] Login successful: username=admin, sessionID=b8991684-e1d6-464b-a25a-4a76b90b943c
23.12.2024, 10:47:25 [info]: [validateAndUpdateSession] Safe Mode: false
23.12.2024, 10:47:25 [info]: [encryptPassword] Password encrypted successfully
23.12.2024, 10:47:25 [info]: [validateAndUpdateSession] Session updated successfully: ID=b8991684-e1d6-464b-a25a-4a76b90b943c
23.12.2024, 10:47:25 [info]: [unsafeValidateLogin] Login successful: username=admin
23.12.2024, 10:47:25 [info]: [generateUUID] Generated UUID: a6936a37-b26b-47a2-952d-c85152e6fddb
23.12.2024, 10:47:25 [info]: [unsafeGenerateSession] Starting session creation for user: admin
23.12.2024, 10:47:26 [info]: [getUser] Retrieved username: admin for session ID: b8991684-e1d6-464b-a25a-4a76b90b943c
23.12.2024, 10:47:26 [info]: [unsafeGenerateSession] Deleted 1 session(s) for user ID: 9
23.12.2024, 10:47:26 [info]: [unsafeGenerateSession] Session created: ID=a6936a37-b26b-47a2-952d-c85152e6fddb, user=admin
23.12.2024, 10:47:26 [info]: [unsafeLogin] Login successful: username=admin, sessionID=a6936a37-b26b-47a2-952d-c85152e6fddb
23.12.2024, 10:47:27 [info]: [validateAndUpdateSession] Safe Mode: false
23.12.2024, 10:47:27 [info]: [validateAndUpdateSession] Session updated successfully: ID=a6936a37-b26b-47a2-952d-c85152e6fddb
23.12.2024, 10:47:28 [info]: [getUser] Retrieved username: admin for session ID: a6936a37-b26b-47a2-952d-c85152e6fddb
23.12.2024, 10:50:55 [info]: [validateAndUpdateSession] Safe Mode: false
23.12.2024, 10:50:55 [info]: [validateAndUpdateSession] Session updated successfully: ID=a6936a37-b26b-47a2-952d-c85152e6fddb
23.12.2024, 10:50:56 [info]: [getUser] Retrieved username: admin for session ID: a6936a37-b26b-47a2-952d-c85152e6fddb
23.12.2024, 10:50:57 [info]: [searchPosts] Executing query: SELECT title, content, creation_date, category_name
            FROM posts
            WHERE 1=1
              AND (? IS NULL OR title LIKE ?)
              AND (? IS NULL OR category_name = ?)
              AND (? IS NULL OR creation_date >= ?)
              AND (? IS NULL OR creation_date <= ?);
             with parameters: [%a%, %a%, null, null, null, null, null, null]
23.12.2024, 10:50:58 [info]: [searchPosts] Query executed successfully, returned 3 result(s)
23.12.2024, 10:51:43 [info]: [validateAndUpdateSession] Safe Mode: false
23.12.2024, 10:51:43 [info]: [validateAndUpdateSession] Session updated successfully: ID=a6936a37-b26b-47a2-952d-c85152e6fddb
23.12.2024, 10:51:43 [info]: [getUser] Retrieved username: admin for session ID: a6936a37-b26b-47a2-952d-c85152e6fddb
23.12.2024, 10:51:45 [info]: [searchPosts] Executing query: SELECT title, content, creation_date, category_name
            FROM posts
            WHERE 1=1
              AND (? IS NULL OR title LIKE ?)
              AND (? IS NULL OR category_name = ?)
              AND (? IS NULL OR creation_date >= ?)
              AND (? IS NULL OR creation_date <= ?);
             with parameters: [%a%, %a%, null, null, null, null, null, null]
23.12.2024, 10:51:45 [info]: [searchPosts] Query executed successfully, returned 3 result(s)
23.12.2024, 10:57:10 [info]: [validateAndUpdateSession] Safe Mode: false
23.12.2024, 10:57:11 [info]: [validateAndUpdateSession] Session updated successfully: ID=a6936a37-b26b-47a2-952d-c85152e6fddb
23.12.2024, 10:57:11 [info]: [getUser] Retrieved username: admin for session ID: a6936a37-b26b-47a2-952d-c85152e6fddb
23.12.2024, 10:57:13 [info]: [searchPosts] Executing query: SELECT title, content, creation_date, category_name
            FROM posts
            WHERE 1=1
              AND (? IS NULL OR title LIKE ?)
              AND (? IS NULL OR category_name = ?)
              AND (? IS NULL OR creation_date >= ?)
              AND (? IS NULL OR creation_date <= ?);
             with parameters: [%a%, %a%, null, null, null, null, null, null]
23.12.2024, 10:57:13 [info]: [searchPosts] Query executed successfully, returned 3 result(s)
23.12.2024, 10:57:13 [info]: [validateAndUpdateSession] Safe Mode: false
23.12.2024, 10:57:13 [info]: [validateAndUpdateSession] Session updated successfully: ID=a6936a37-b26b-47a2-952d-c85152e6fddb
23.12.2024, 10:57:13 [info]: [getUser] Retrieved username: admin for session ID: a6936a37-b26b-47a2-952d-c85152e6fddb
23.12.2024, 10:57:17 [info]: [deleteSession] Session deleted: ID=a6936a37-b26b-47a2-952d-c85152e6fddb
23.12.2024, 10:57:17 [info]: [logout] Session deleted successfully: sessionID=a6936a37-b26b-47a2-952d-c85152e6fddb
23.12.2024, 10:57:18 [info]: [validateAndUpdateSession] No session ID provided
23.12.2024, 10:57:20 [info]: [validateAndUpdateSession] No session ID provided
23.12.2024, 10:57:22 [info]: [searchPosts] Executing query: SELECT title, content, creation_date, category_name
            FROM posts
            WHERE 1=1
              AND (? IS NULL OR title LIKE ?)
              AND (? IS NULL OR category_name = ?)
              AND (? IS NULL OR creation_date >= ?)
              AND (? IS NULL OR creation_date <= ?);
             with parameters: [%a%, %a%, null, null, null, null, null, null]
23.12.2024, 10:57:22 [info]: [searchPosts] Query executed successfully, returned 3 result(s)
23.12.2024, 10:57:22 [info]: [validateAndUpdateSession] No session ID provided
23.12.2024, 14:56:44 [info]: [validateAndUpdateSession] No session ID provided
23.12.2024, 14:56:47 [info]: [searchPosts] Executing query: SELECT title, content, creation_date, category_name
            FROM posts
            WHERE 1=1
              AND (? IS NULL OR title LIKE ?)
              AND (? IS NULL OR category_name = ?)
              AND (? IS NULL OR creation_date >= ?)
              AND (? IS NULL OR creation_date <= ?);
             with parameters: [%a%, %a%, null, null, null, null, null, null]
23.12.2024, 14:56:56 [info]: Loading route file: route_account_management.js
23.12.2024, 14:56:56 [info]: Loading route file: route_blog.js
23.12.2024, 14:56:56 [info]: Server is running on http://localhost:3000
23.12.2024, 14:56:56 [error]: Fehler beim Überprüfen des Uvicorn-Servers: connect ECONNREFUSED 127.0.0.1:8001
23.12.2024, 14:56:56 [info]: Database connection established
23.12.2024, 14:56:57 [info]: [validateAndUpdateSession] No session ID provided
23.12.2024, 14:57:01 [info]: [searchPosts] Executing query: SELECT title, content, creation_date, category_name
            FROM posts
            WHERE 1=1
              AND (? IS NULL OR title LIKE ?)
              AND (? IS NULL OR category_name = ?)
              AND (? IS NULL OR creation_date >= ?)
              AND (? IS NULL OR creation_date <= ?);
             with parameters: [%a%, %a%, null, null, null, null, null, null]
23.12.2024, 14:57:01 [info]: [searchPosts] Query executed successfully, returned 3 result(s)
23.12.2024, 14:57:01 [info]: [validateAndUpdateSession] No session ID provided
23.12.2024, 14:57:07 [info]: [encryptPassword] Password encrypted successfully
23.12.2024, 14:57:08 [info]: [unsafeValidateLogin] Login successful: username=admin
23.12.2024, 14:57:08 [info]: [generateUUID] Generated UUID: 8b6c137c-6f92-45a3-88b9-4bb476632662
23.12.2024, 14:57:08 [info]: [unsafeGenerateSession] Starting session creation for user: admin
23.12.2024, 14:57:08 [info]: [unsafeGenerateSession] Deleted 0 session(s) for user ID: 9
23.12.2024, 14:57:08 [info]: [unsafeGenerateSession] Session created: ID=8b6c137c-6f92-45a3-88b9-4bb476632662, user=admin
23.12.2024, 14:57:08 [info]: [unsafeLogin] Login successful: username=admin, sessionID=8b6c137c-6f92-45a3-88b9-4bb476632662
23.12.2024, 14:57:08 [info]: [validateAndUpdateSession] Safe Mode: false
23.12.2024, 14:57:08 [info]: [validateAndUpdateSession] Session updated successfully: ID=8b6c137c-6f92-45a3-88b9-4bb476632662
23.12.2024, 14:57:09 [info]: [getUser] Retrieved username: admin for session ID: 8b6c137c-6f92-45a3-88b9-4bb476632662
23.12.2024, 14:59:18 [info]: [validateAndUpdateSession] Safe Mode: false
23.12.2024, 14:59:18 [info]: [validateAndUpdateSession] Session updated successfully: ID=8b6c137c-6f92-45a3-88b9-4bb476632662
23.12.2024, 14:59:18 [info]: [getUser] Retrieved username: admin for session ID: 8b6c137c-6f92-45a3-88b9-4bb476632662
23.12.2024, 14:59:21 [info]: [searchPosts] Executing query: SELECT title, content, creation_date, category_name
            FROM posts
            WHERE 1=1
              AND (? IS NULL OR title LIKE ?)
              AND (? IS NULL OR category_name = ?)
              AND (? IS NULL OR creation_date >= ?)
              AND (? IS NULL OR creation_date <= ?);
             with parameters: [%a%, %a%, null, null, null, null, null, null]
23.12.2024, 14:59:21 [info]: [searchPosts] Query executed successfully, returned 3 result(s)
23.12.2024, 14:59:21 [info]: [validateAndUpdateSession] Safe Mode: false
23.12.2024, 14:59:21 [info]: [validateAndUpdateSession] Session updated successfully: ID=8b6c137c-6f92-45a3-88b9-4bb476632662
23.12.2024, 14:59:21 [info]: [getUser] Retrieved username: admin for session ID: 8b6c137c-6f92-45a3-88b9-4bb476632662
23.12.2024, 15:01:41 [info]: [validateAndUpdateSession] Safe Mode: false
23.12.2024, 15:01:41 [info]: [validateAndUpdateSession] Session updated successfully: ID=8b6c137c-6f92-45a3-88b9-4bb476632662
23.12.2024, 15:01:41 [info]: [getUser] Retrieved username: admin for session ID: 8b6c137c-6f92-45a3-88b9-4bb476632662
23.12.2024, 15:01:43 [info]: [searchPosts] Executing query: SELECT title, content, creation_date, category_name
            FROM posts
            WHERE 1=1
              AND (? IS NULL OR title LIKE ?)
              AND (? IS NULL OR category_name = ?)
              AND (? IS NULL OR creation_date >= ?)
              AND (? IS NULL OR creation_date <= ?);
             with parameters: [%a%, %a%, null, null, null, null, null, null]
23.12.2024, 15:01:43 [info]: [searchPosts] Query executed successfully, returned 3 result(s)
23.12.2024, 15:01:43 [info]: [validateAndUpdateSession] Safe Mode: false
23.12.2024, 15:01:44 [info]: [validateAndUpdateSession] Session updated successfully: ID=8b6c137c-6f92-45a3-88b9-4bb476632662
23.12.2024, 15:01:44 [info]: [getUser] Retrieved username: admin for session ID: 8b6c137c-6f92-45a3-88b9-4bb476632662
23.12.2024, 15:01:45 [info]: [validateAndUpdateSession] Safe Mode: false
23.12.2024, 15:01:45 [info]: [validateAndUpdateSession] Session updated successfully: ID=8b6c137c-6f92-45a3-88b9-4bb476632662
23.12.2024, 15:01:50 [info]: [validateAndUpdateSession] Safe Mode: false
23.12.2024, 15:01:50 [info]: [validateAndUpdateSession] Session updated successfully: ID=8b6c137c-6f92-45a3-88b9-4bb476632662
23.12.2024, 15:02:00 [info]: [validateAndUpdateSession] Safe Mode: false
23.12.2024, 15:02:00 [info]: [validateAndUpdateSession] Session updated successfully: ID=8b6c137c-6f92-45a3-88b9-4bb476632662
23.12.2024, 15:02:11 [info]: [validateAndUpdateSession] Safe Mode: false
23.12.2024, 15:02:11 [info]: [validateAndUpdateSession] Session updated successfully: ID=8b6c137c-6f92-45a3-88b9-4bb476632662
23.12.2024, 15:02:12 [info]: Post created successfully with ID: 9
23.12.2024, 15:02:37 [info]: [validateAndUpdateSession] Safe Mode: false
23.12.2024, 15:02:37 [info]: [validateAndUpdateSession] Session updated successfully: ID=8b6c137c-6f92-45a3-88b9-4bb476632662
23.12.2024, 15:02:37 [info]: [getUser] Retrieved username: admin for session ID: 8b6c137c-6f92-45a3-88b9-4bb476632662
23.12.2024, 15:02:41 [info]: [validateAndUpdateSession] Safe Mode: false
23.12.2024, 15:02:42 [info]: [validateAndUpdateSession] Session updated successfully: ID=8b6c137c-6f92-45a3-88b9-4bb476632662
23.12.2024, 15:02:42 [info]: [getUser] Retrieved username: admin for session ID: 8b6c137c-6f92-45a3-88b9-4bb476632662
23.12.2024, 15:02:44 [info]: [searchPosts] Executing query: SELECT title, content, creation_date, category_name
            FROM posts
            WHERE 1=1
              AND (? IS NULL OR title LIKE ?)
              AND (? IS NULL OR category_name = ?)
              AND (? IS NULL OR creation_date >= ?)
              AND (? IS NULL OR creation_date <= ?);
             with parameters: [%a%, %a%, null, null, null, null, null, null]
23.12.2024, 15:02:44 [info]: [searchPosts] Query executed successfully, returned 4 result(s)
23.12.2024, 15:02:44 [info]: [validateAndUpdateSession] Safe Mode: false
23.12.2024, 15:02:44 [info]: [validateAndUpdateSession] Session updated successfully: ID=8b6c137c-6f92-45a3-88b9-4bb476632662
23.12.2024, 15:02:45 [info]: [getUser] Retrieved username: admin for session ID: 8b6c137c-6f92-45a3-88b9-4bb476632662
23.12.2024, 15:02:49 [info]: [validateAndUpdateSession] Safe Mode: false
23.12.2024, 15:02:49 [info]: [validateAndUpdateSession] Session updated successfully: ID=8b6c137c-6f92-45a3-88b9-4bb476632662
23.12.2024, 15:03:58 [info]: [validateAndUpdateSession] Safe Mode: false
23.12.2024, 15:03:58 [info]: [validateAndUpdateSession] Session updated successfully: ID=8b6c137c-6f92-45a3-88b9-4bb476632662
23.12.2024, 15:03:58 [info]: [getUser] Retrieved username: admin for session ID: 8b6c137c-6f92-45a3-88b9-4bb476632662
23.12.2024, 15:04:02 [info]: [searchPosts] Executing query: SELECT title, content, creation_date, category_name
            FROM posts
            WHERE 1=1
              AND (? IS NULL OR title LIKE ?)
              AND (? IS NULL OR category_name = ?)
              AND (? IS NULL OR creation_date >= ?)
              AND (? IS NULL OR creation_date <= ?);
             with parameters: [%a%, %a%, null, null, null, null, null, null]
23.12.2024, 15:04:02 [info]: [searchPosts] Query executed successfully, returned 4 result(s)
23.12.2024, 15:04:02 [info]: [validateAndUpdateSession] Safe Mode: false
23.12.2024, 15:04:02 [info]: [validateAndUpdateSession] Session updated successfully: ID=8b6c137c-6f92-45a3-88b9-4bb476632662
23.12.2024, 15:04:02 [info]: [getUser] Retrieved username: admin for session ID: 8b6c137c-6f92-45a3-88b9-4bb476632662
23.12.2024, 15:04:06 [info]: [validateAndUpdateSession] Safe Mode: false
23.12.2024, 15:04:06 [info]: [validateAndUpdateSession] Session updated successfully: ID=8b6c137c-6f92-45a3-88b9-4bb476632662
23.12.2024, 15:05:36 [info]: [validateAndUpdateSession] Safe Mode: false
23.12.2024, 15:05:36 [info]: [validateAndUpdateSession] Session updated successfully: ID=8b6c137c-6f92-45a3-88b9-4bb476632662
23.12.2024, 15:05:36 [info]: [getUser] Retrieved username: admin for session ID: 8b6c137c-6f92-45a3-88b9-4bb476632662
23.12.2024, 15:05:38 [info]: [searchPosts] Executing query: SELECT title, content, creation_date, category_name
            FROM posts
            WHERE 1=1
              AND (? IS NULL OR title LIKE ?)
              AND (? IS NULL OR category_name = ?)
              AND (? IS NULL OR creation_date >= ?)
              AND (? IS NULL OR creation_date <= ?);
             with parameters: [%a%, %a%, null, null, null, null, null, null]
23.12.2024, 15:05:38 [info]: [searchPosts] Query executed successfully, returned 4 result(s)
23.12.2024, 15:05:38 [info]: [validateAndUpdateSession] Safe Mode: false
23.12.2024, 15:05:38 [info]: [validateAndUpdateSession] Session updated successfully: ID=8b6c137c-6f92-45a3-88b9-4bb476632662
23.12.2024, 15:05:38 [info]: [getUser] Retrieved username: admin for session ID: 8b6c137c-6f92-45a3-88b9-4bb476632662
23.12.2024, 15:05:43 [info]: [validateAndUpdateSession] Safe Mode: false
23.12.2024, 15:05:43 [info]: [validateAndUpdateSession] Session updated successfully: ID=8b6c137c-6f92-45a3-88b9-4bb476632662
23.12.2024, 15:08:56 [info]: [validateAndUpdateSession] Safe Mode: false
23.12.2024, 15:08:56 [info]: [validateAndUpdateSession] Session updated successfully: ID=8b6c137c-6f92-45a3-88b9-4bb476632662
23.12.2024, 15:09:35 [info]: [validateAndUpdateSession] Safe Mode: false
23.12.2024, 15:09:35 [info]: [validateAndUpdateSession] Session updated successfully: ID=8b6c137c-6f92-45a3-88b9-4bb476632662
23.12.2024, 15:09:39 [info]: [validateAndUpdateSession] Safe Mode: false
23.12.2024, 15:09:39 [info]: [validateAndUpdateSession] Session updated successfully: ID=8b6c137c-6f92-45a3-88b9-4bb476632662
23.12.2024, 15:09:39 [info]: [getUser] Retrieved username: admin for session ID: 8b6c137c-6f92-45a3-88b9-4bb476632662
23.12.2024, 15:09:41 [info]: [searchPosts] Executing query: SELECT title, content, creation_date, category_name
            FROM posts
            WHERE 1=1
              AND (? IS NULL OR title LIKE ?)
              AND (? IS NULL OR category_name = ?)
              AND (? IS NULL OR creation_date >= ?)
              AND (? IS NULL OR creation_date <= ?);
             with parameters: [%a%, %a%, null, null, null, null, null, null]
23.12.2024, 15:09:41 [info]: [searchPosts] Query executed successfully, returned 4 result(s)
23.12.2024, 15:09:41 [info]: [validateAndUpdateSession] Safe Mode: false
23.12.2024, 15:09:41 [info]: [validateAndUpdateSession] Session updated successfully: ID=8b6c137c-6f92-45a3-88b9-4bb476632662
23.12.2024, 15:09:42 [info]: [getUser] Retrieved username: admin for session ID: 8b6c137c-6f92-45a3-88b9-4bb476632662
23.12.2024, 15:09:43 [info]: [validateAndUpdateSession] Safe Mode: false
23.12.2024, 15:09:43 [info]: [validateAndUpdateSession] Session updated successfully: ID=8b6c137c-6f92-45a3-88b9-4bb476632662
23.12.2024, 15:09:46 [info]: [searchPosts] Executing query: SELECT title, content, creation_date, category_name
            FROM posts
            WHERE 1=1
              AND (? IS NULL OR title LIKE ?)
              AND (? IS NULL OR category_name = ?)
              AND (? IS NULL OR creation_date >= ?)
              AND (? IS NULL OR creation_date <= ?);
             with parameters: [%a%, %a%, null, null, null, null, null, null]
23.12.2024, 15:09:46 [info]: [searchPosts] Query executed successfully, returned 3 result(s)
23.12.2024, 15:09:46 [info]: [validateAndUpdateSession] Safe Mode: false
23.12.2024, 15:09:46 [info]: [validateAndUpdateSession] Session updated successfully: ID=8b6c137c-6f92-45a3-88b9-4bb476632662
23.12.2024, 15:09:46 [info]: [getUser] Retrieved username: admin for session ID: 8b6c137c-6f92-45a3-88b9-4bb476632662
23.12.2024, 15:10:08 [info]: [validateAndUpdateSession] Safe Mode: false
23.12.2024, 15:10:08 [info]: [validateAndUpdateSession] Session updated successfully: ID=8b6c137c-6f92-45a3-88b9-4bb476632662
23.12.2024, 15:10:08 [info]: [getUser] Retrieved username: admin for session ID: 8b6c137c-6f92-45a3-88b9-4bb476632662
23.12.2024, 15:10:21 [info]: [validateAndUpdateSession] Safe Mode: false
23.12.2024, 15:10:21 [info]: [validateAndUpdateSession] Session updated successfully: ID=8b6c137c-6f92-45a3-88b9-4bb476632662
23.12.2024, 15:10:21 [info]: Post created successfully with ID: 10
23.12.2024, 15:10:26 [info]: [validateAndUpdateSession] Safe Mode: false
23.12.2024, 15:10:26 [info]: [validateAndUpdateSession] Session updated successfully: ID=8b6c137c-6f92-45a3-88b9-4bb476632662
23.12.2024, 15:10:26 [info]: Post created successfully with ID: 11
23.12.2024, 15:10:28 [info]: [validateAndUpdateSession] Safe Mode: false
23.12.2024, 15:10:29 [info]: [validateAndUpdateSession] Session updated successfully: ID=8b6c137c-6f92-45a3-88b9-4bb476632662
23.12.2024, 15:10:29 [info]: Post created successfully with ID: 12
23.12.2024, 15:10:31 [info]: [validateAndUpdateSession] Safe Mode: false
23.12.2024, 15:10:31 [info]: [validateAndUpdateSession] Session updated successfully: ID=8b6c137c-6f92-45a3-88b9-4bb476632662
23.12.2024, 15:10:32 [info]: Post created successfully with ID: 13
23.12.2024, 15:10:36 [info]: [validateAndUpdateSession] Safe Mode: false
23.12.2024, 15:10:36 [info]: [validateAndUpdateSession] Session updated successfully: ID=8b6c137c-6f92-45a3-88b9-4bb476632662
23.12.2024, 15:10:37 [info]: [getUser] Retrieved username: admin for session ID: 8b6c137c-6f92-45a3-88b9-4bb476632662
23.12.2024, 15:10:40 [info]: [searchPosts] Executing query: SELECT title, content, creation_date, category_name
            FROM posts
            WHERE 1=1
              AND (? IS NULL OR title LIKE ?)
              AND (? IS NULL OR category_name = ?)
              AND (? IS NULL OR creation_date >= ?)
              AND (? IS NULL OR creation_date <= ?);
             with parameters: [%a%, %a%, null, null, null, null, null, null]
23.12.2024, 15:10:40 [info]: [searchPosts] Query executed successfully, returned 7 result(s)
23.12.2024, 15:10:40 [info]: [validateAndUpdateSession] Safe Mode: false
23.12.2024, 15:10:40 [info]: [validateAndUpdateSession] Session updated successfully: ID=8b6c137c-6f92-45a3-88b9-4bb476632662
23.12.2024, 15:10:40 [info]: [getUser] Retrieved username: admin for session ID: 8b6c137c-6f92-45a3-88b9-4bb476632662
23.12.2024, 15:10:45 [info]: [validateAndUpdateSession] Safe Mode: false
23.12.2024, 15:10:45 [info]: [validateAndUpdateSession] Session updated successfully: ID=8b6c137c-6f92-45a3-88b9-4bb476632662
23.12.2024, 15:11:42 [info]: [validateAndUpdateSession] Safe Mode: false
23.12.2024, 15:11:42 [info]: [validateAndUpdateSession] Session updated successfully: ID=8b6c137c-6f92-45a3-88b9-4bb476632662
23.12.2024, 15:11:42 [info]: [getUser] Retrieved username: admin for session ID: 8b6c137c-6f92-45a3-88b9-4bb476632662
23.12.2024, 15:11:44 [info]: [searchPosts] Executing query: SELECT title, content, creation_date, category_name
            FROM posts
            WHERE 1=1
              AND (? IS NULL OR title LIKE ?)
              AND (? IS NULL OR category_name = ?)
              AND (? IS NULL OR creation_date >= ?)
              AND (? IS NULL OR creation_date <= ?);
             with parameters: [%a%, %a%, null, null, null, null, null, null]
23.12.2024, 15:11:44 [info]: [searchPosts] Query executed successfully, returned 7 result(s)
23.12.2024, 15:11:44 [info]: [validateAndUpdateSession] Safe Mode: false
23.12.2024, 15:11:44 [info]: [validateAndUpdateSession] Session updated successfully: ID=8b6c137c-6f92-45a3-88b9-4bb476632662
23.12.2024, 15:11:44 [info]: [getUser] Retrieved username: admin for session ID: 8b6c137c-6f92-45a3-88b9-4bb476632662
23.12.2024, 15:13:35 [info]: Loading route file: route_account_management.js
23.12.2024, 15:13:36 [info]: Loading route file: route_blog.js
23.12.2024, 15:13:36 [info]: Server is running on http://localhost:3000
23.12.2024, 15:13:36 [error]: Fehler beim Überprüfen des Uvicorn-Servers: connect ECONNREFUSED 127.0.0.1:8001
23.12.2024, 15:13:36 [info]: Database connection established
23.12.2024, 15:13:45 [info]: Loading route file: route_account_management.js
23.12.2024, 15:13:45 [info]: Loading route file: route_blog.js
23.12.2024, 15:13:45 [info]: Server is running on http://localhost:3000
23.12.2024, 15:13:45 [error]: Fehler beim Überprüfen des Uvicorn-Servers: connect ECONNREFUSED 127.0.0.1:8001
23.12.2024, 15:13:46 [info]: Database connection established
23.12.2024, 15:13:51 [info]: [validateAndUpdateSession] Safe Mode: false
23.12.2024, 15:13:52 [info]: [validateAndUpdateSession] Session updated successfully: ID=8b6c137c-6f92-45a3-88b9-4bb476632662
23.12.2024, 15:13:52 [info]: [getUser] Retrieved username: admin for session ID: 8b6c137c-6f92-45a3-88b9-4bb476632662
23.12.2024, 15:13:55 [info]: [searchPosts] Executing query: SELECT title, content, creation_date, category_name, id
            FROM posts
            WHERE 1=1
              AND (? IS NULL OR title LIKE ?)
              AND (? IS NULL OR category_name = ?)
              AND (? IS NULL OR creation_date >= ?)
              AND (? IS NULL OR creation_date <= ?);
             with parameters: [%a%, %a%, null, null, null, null, null, null]
23.12.2024, 15:13:55 [info]: [searchPosts] Query executed successfully, returned 7 result(s)
23.12.2024, 15:13:55 [info]: [validateAndUpdateSession] Safe Mode: false
23.12.2024, 15:13:55 [info]: [validateAndUpdateSession] Session updated successfully: ID=8b6c137c-6f92-45a3-88b9-4bb476632662
23.12.2024, 15:13:55 [info]: [getUser] Retrieved username: admin for session ID: 8b6c137c-6f92-45a3-88b9-4bb476632662
23.12.2024, 15:14:09 [info]: [validateAndUpdateSession] Safe Mode: false
23.12.2024, 15:14:10 [info]: [validateAndUpdateSession] Session updated successfully: ID=8b6c137c-6f92-45a3-88b9-4bb476632662
23.12.2024, 15:14:11 [info]: [searchPosts] Executing query: SELECT title, content, creation_date, category_name, id
            FROM posts
            WHERE 1=1
              AND (? IS NULL OR title LIKE ?)
              AND (? IS NULL OR category_name = ?)
              AND (? IS NULL OR creation_date >= ?)
              AND (? IS NULL OR creation_date <= ?);
             with parameters: [%a%, %a%, null, null, null, null, null, null]
23.12.2024, 15:14:11 [info]: [searchPosts] Query executed successfully, returned 6 result(s)
23.12.2024, 15:14:11 [info]: [validateAndUpdateSession] Safe Mode: false
23.12.2024, 15:14:11 [info]: [validateAndUpdateSession] Session updated successfully: ID=8b6c137c-6f92-45a3-88b9-4bb476632662
23.12.2024, 15:14:12 [info]: [getUser] Retrieved username: admin for session ID: 8b6c137c-6f92-45a3-88b9-4bb476632662
23.12.2024, 15:14:41 [info]: [validateAndUpdateSession] Safe Mode: false
23.12.2024, 15:14:41 [info]: [validateAndUpdateSession] Session updated successfully: ID=8b6c137c-6f92-45a3-88b9-4bb476632662
23.12.2024, 15:14:41 [info]: [getUser] Retrieved username: admin for session ID: 8b6c137c-6f92-45a3-88b9-4bb476632662
23.12.2024, 15:14:43 [info]: [searchPosts] Executing query: SELECT title, content, creation_date, category_name, id
            FROM posts
            WHERE 1=1
              AND (? IS NULL OR title LIKE ?)
              AND (? IS NULL OR category_name = ?)
              AND (? IS NULL OR creation_date >= ?)
              AND (? IS NULL OR creation_date <= ?);
             with parameters: [%a%, %a%, null, null, null, null, null, null]
23.12.2024, 15:14:43 [info]: [searchPosts] Query executed successfully, returned 6 result(s)
23.12.2024, 15:14:43 [info]: [validateAndUpdateSession] Safe Mode: false
23.12.2024, 15:14:43 [info]: [validateAndUpdateSession] Session updated successfully: ID=8b6c137c-6f92-45a3-88b9-4bb476632662
23.12.2024, 15:14:43 [info]: [getUser] Retrieved username: admin for session ID: 8b6c137c-6f92-45a3-88b9-4bb476632662
23.12.2024, 15:14:46 [info]: [validateAndUpdateSession] Safe Mode: false
23.12.2024, 15:14:46 [info]: [validateAndUpdateSession] Session updated successfully: ID=8b6c137c-6f92-45a3-88b9-4bb476632662
23.12.2024, 15:14:47 [info]: [searchPosts] Executing query: SELECT title, content, creation_date, category_name, id
            FROM posts
            WHERE 1=1
              AND (? IS NULL OR title LIKE ?)
              AND (? IS NULL OR category_name = ?)
              AND (? IS NULL OR creation_date >= ?)
              AND (? IS NULL OR creation_date <= ?);
             with parameters: [%a%, %a%, null, null, null, null, null, null]
23.12.2024, 15:14:48 [info]: [searchPosts] Query executed successfully, returned 5 result(s)
23.12.2024, 15:14:48 [info]: [validateAndUpdateSession] Safe Mode: false
23.12.2024, 15:14:48 [info]: [validateAndUpdateSession] Session updated successfully: ID=8b6c137c-6f92-45a3-88b9-4bb476632662
23.12.2024, 15:14:48 [info]: [getUser] Retrieved username: admin for session ID: 8b6c137c-6f92-45a3-88b9-4bb476632662
23.12.2024, 15:16:47 [info]: [validateAndUpdateSession] Safe Mode: false
23.12.2024, 15:16:47 [info]: [validateAndUpdateSession] Session updated successfully: ID=8b6c137c-6f92-45a3-88b9-4bb476632662
23.12.2024, 15:16:48 [info]: [getUser] Retrieved username: admin for session ID: 8b6c137c-6f92-45a3-88b9-4bb476632662
23.12.2024, 15:16:49 [info]: [searchPosts] Executing query: SELECT title, content, creation_date, category_name, id
            FROM posts
            WHERE 1=1
              AND (? IS NULL OR title LIKE ?)
              AND (? IS NULL OR category_name = ?)
              AND (? IS NULL OR creation_date >= ?)
              AND (? IS NULL OR creation_date <= ?);
             with parameters: [%a%, %a%, null, null, null, null, null, null]
23.12.2024, 15:16:50 [info]: [searchPosts] Query executed successfully, returned 5 result(s)
23.12.2024, 15:16:50 [info]: [validateAndUpdateSession] Safe Mode: false
23.12.2024, 15:16:50 [info]: [validateAndUpdateSession] Session updated successfully: ID=8b6c137c-6f92-45a3-88b9-4bb476632662
23.12.2024, 15:16:50 [info]: [getUser] Retrieved username: admin for session ID: 8b6c137c-6f92-45a3-88b9-4bb476632662
23.12.2024, 15:18:05 [info]: [validateAndUpdateSession] Safe Mode: false
23.12.2024, 15:18:05 [info]: [validateAndUpdateSession] Session updated successfully: ID=8b6c137c-6f92-45a3-88b9-4bb476632662
23.12.2024, 15:18:05 [info]: [getUser] Retrieved username: admin for session ID: 8b6c137c-6f92-45a3-88b9-4bb476632662
23.12.2024, 15:18:07 [info]: [searchPosts] Executing query: SELECT title, content, creation_date, category_name, id
            FROM posts
            WHERE 1=1
              AND (? IS NULL OR title LIKE ?)
              AND (? IS NULL OR category_name = ?)
              AND (? IS NULL OR creation_date >= ?)
              AND (? IS NULL OR creation_date <= ?);
             with parameters: [%a%, %a%, null, null, null, null, null, null]
23.12.2024, 15:18:07 [info]: [searchPosts] Query executed successfully, returned 5 result(s)
23.12.2024, 15:18:07 [info]: [validateAndUpdateSession] Safe Mode: false
23.12.2024, 15:18:07 [info]: [validateAndUpdateSession] Session updated successfully: ID=8b6c137c-6f92-45a3-88b9-4bb476632662
23.12.2024, 15:18:07 [info]: [getUser] Retrieved username: admin for session ID: 8b6c137c-6f92-45a3-88b9-4bb476632662
23.12.2024, 15:18:13 [info]: [validateAndUpdateSession] Safe Mode: false
23.12.2024, 15:18:13 [info]: [validateAndUpdateSession] Session updated successfully: ID=8b6c137c-6f92-45a3-88b9-4bb476632662
23.12.2024, 15:18:13 [info]: [getUser] Retrieved username: admin for session ID: 8b6c137c-6f92-45a3-88b9-4bb476632662
23.12.2024, 15:18:16 [info]: [searchPosts] Executing query: SELECT title, content, creation_date, category_name, id
            FROM posts
            WHERE 1=1
              AND (? IS NULL OR title LIKE ?)
              AND (? IS NULL OR category_name = ?)
              AND (? IS NULL OR creation_date >= ?)
              AND (? IS NULL OR creation_date <= ?);
             with parameters: [%a%, %a%, null, null, null, null, null, null]
23.12.2024, 15:18:17 [info]: [searchPosts] Query executed successfully, returned 5 result(s)
23.12.2024, 15:18:17 [info]: [validateAndUpdateSession] Safe Mode: false
23.12.2024, 15:18:17 [info]: [validateAndUpdateSession] Session updated successfully: ID=8b6c137c-6f92-45a3-88b9-4bb476632662
23.12.2024, 15:18:17 [info]: [getUser] Retrieved username: admin for session ID: 8b6c137c-6f92-45a3-88b9-4bb476632662
23.12.2024, 15:18:41 [info]: [validateAndUpdateSession] Safe Mode: false
23.12.2024, 15:18:41 [info]: [validateAndUpdateSession] Session updated successfully: ID=8b6c137c-6f92-45a3-88b9-4bb476632662
23.12.2024, 15:18:41 [info]: [getUser] Retrieved username: admin for session ID: 8b6c137c-6f92-45a3-88b9-4bb476632662
23.12.2024, 15:18:43 [info]: [searchPosts] Executing query: SELECT title, content, creation_date, category_name, id
            FROM posts
            WHERE 1=1
              AND (? IS NULL OR title LIKE ?)
              AND (? IS NULL OR category_name = ?)
              AND (? IS NULL OR creation_date >= ?)
              AND (? IS NULL OR creation_date <= ?);
             with parameters: [%a%, %a%, null, null, null, null, null, null]
23.12.2024, 15:18:43 [info]: [searchPosts] Query executed successfully, returned 5 result(s)
23.12.2024, 15:18:43 [info]: [validateAndUpdateSession] Safe Mode: false
23.12.2024, 15:18:43 [info]: [validateAndUpdateSession] Session updated successfully: ID=8b6c137c-6f92-45a3-88b9-4bb476632662
23.12.2024, 15:18:43 [info]: [getUser] Retrieved username: admin for session ID: 8b6c137c-6f92-45a3-88b9-4bb476632662
23.12.2024, 15:19:48 [info]: [validateAndUpdateSession] Safe Mode: false
23.12.2024, 15:19:48 [info]: [validateAndUpdateSession] Session updated successfully: ID=8b6c137c-6f92-45a3-88b9-4bb476632662
23.12.2024, 15:19:48 [info]: [getUser] Retrieved username: admin for session ID: 8b6c137c-6f92-45a3-88b9-4bb476632662
23.12.2024, 15:19:50 [info]: [searchPosts] Executing query: SELECT title, content, creation_date, category_name, id
            FROM posts
            WHERE 1=1
              AND (? IS NULL OR title LIKE ?)
              AND (? IS NULL OR category_name = ?)
              AND (? IS NULL OR creation_date >= ?)
              AND (? IS NULL OR creation_date <= ?);
             with parameters: [%a%, %a%, null, null, null, null, null, null]
23.12.2024, 15:19:50 [info]: [searchPosts] Query executed successfully, returned 5 result(s)
23.12.2024, 15:19:50 [info]: [validateAndUpdateSession] Safe Mode: false
23.12.2024, 15:19:51 [info]: [validateAndUpdateSession] Session updated successfully: ID=8b6c137c-6f92-45a3-88b9-4bb476632662
23.12.2024, 15:19:51 [info]: [getUser] Retrieved username: admin for session ID: 8b6c137c-6f92-45a3-88b9-4bb476632662
23.12.2024, 15:29:26 [info]: [validateAndUpdateSession] Safe Mode: false
23.12.2024, 15:29:26 [info]: [validateAndUpdateSession] Session updated successfully: ID=8b6c137c-6f92-45a3-88b9-4bb476632662
23.12.2024, 15:29:26 [info]: [getUser] Retrieved username: admin for session ID: 8b6c137c-6f92-45a3-88b9-4bb476632662
23.12.2024, 15:29:28 [info]: [searchPosts] Executing query: SELECT title, content, creation_date, category_name, id
            FROM posts
            WHERE 1=1
              AND (? IS NULL OR title LIKE ?)
              AND (? IS NULL OR category_name = ?)
              AND (? IS NULL OR creation_date >= ?)
              AND (? IS NULL OR creation_date <= ?);
             with parameters: [%a%, %a%, null, null, null, null, null, null]
23.12.2024, 15:29:28 [info]: [searchPosts] Query executed successfully, returned 5 result(s)
23.12.2024, 15:29:28 [info]: [validateAndUpdateSession] Safe Mode: false
23.12.2024, 15:29:29 [info]: [validateAndUpdateSession] Session updated successfully: ID=8b6c137c-6f92-45a3-88b9-4bb476632662
23.12.2024, 15:29:29 [info]: [getUser] Retrieved username: admin for session ID: 8b6c137c-6f92-45a3-88b9-4bb476632662
23.12.2024, 15:30:03 [info]: [validateAndUpdateSession] Safe Mode: false
23.12.2024, 15:30:03 [info]: [validateAndUpdateSession] Session updated successfully: ID=8b6c137c-6f92-45a3-88b9-4bb476632662
23.12.2024, 15:30:03 [info]: [getUser] Retrieved username: admin for session ID: 8b6c137c-6f92-45a3-88b9-4bb476632662
23.12.2024, 15:30:05 [info]: [searchPosts] Executing query: SELECT title, content, creation_date, category_name, id
            FROM posts
            WHERE 1=1
              AND (? IS NULL OR title LIKE ?)
              AND (? IS NULL OR category_name = ?)
              AND (? IS NULL OR creation_date >= ?)
              AND (? IS NULL OR creation_date <= ?);
             with parameters: [%a%, %a%, null, null, null, null, null, null]
23.12.2024, 15:30:05 [info]: [searchPosts] Query executed successfully, returned 5 result(s)
23.12.2024, 15:30:05 [info]: [validateAndUpdateSession] Safe Mode: false
23.12.2024, 15:30:05 [info]: [validateAndUpdateSession] Session updated successfully: ID=8b6c137c-6f92-45a3-88b9-4bb476632662
23.12.2024, 15:30:06 [info]: [getUser] Retrieved username: admin for session ID: 8b6c137c-6f92-45a3-88b9-4bb476632662
23.12.2024, 15:30:57 [info]: [validateAndUpdateSession] Safe Mode: false
23.12.2024, 15:30:58 [info]: [validateAndUpdateSession] Session updated successfully: ID=8b6c137c-6f92-45a3-88b9-4bb476632662
23.12.2024, 15:30:58 [info]: [getUser] Retrieved username: admin for session ID: 8b6c137c-6f92-45a3-88b9-4bb476632662
23.12.2024, 15:31:00 [info]: [searchPosts] Executing query: SELECT title, content, creation_date, category_name, id
            FROM posts
            WHERE 1=1
              AND (? IS NULL OR title LIKE ?)
              AND (? IS NULL OR category_name = ?)
              AND (? IS NULL OR creation_date >= ?)
              AND (? IS NULL OR creation_date <= ?);
             with parameters: [%a%, %a%, null, null, null, null, null, null]
23.12.2024, 15:31:00 [info]: [searchPosts] Query executed successfully, returned 5 result(s)
23.12.2024, 15:31:00 [info]: [validateAndUpdateSession] Safe Mode: false
23.12.2024, 15:31:00 [info]: [validateAndUpdateSession] Session updated successfully: ID=8b6c137c-6f92-45a3-88b9-4bb476632662
23.12.2024, 15:31:00 [info]: [getUser] Retrieved username: admin for session ID: 8b6c137c-6f92-45a3-88b9-4bb476632662
23.12.2024, 15:31:12 [info]: [validateAndUpdateSession] Safe Mode: false
23.12.2024, 15:31:12 [info]: [validateAndUpdateSession] Session updated successfully: ID=8b6c137c-6f92-45a3-88b9-4bb476632662
23.12.2024, 15:31:25 [info]: [deleteSession] Session deleted: ID=8b6c137c-6f92-45a3-88b9-4bb476632662
23.12.2024, 15:31:25 [info]: [logout] Session deleted successfully: sessionID=8b6c137c-6f92-45a3-88b9-4bb476632662
23.12.2024, 15:31:29 [info]: [encryptPassword] Password encrypted successfully
23.12.2024, 15:31:30 [info]: [unsafeValidateLogin] Login successful: username=admin
23.12.2024, 15:31:30 [info]: [generateUUID] Generated UUID: ef15cf06-a961-4462-ad6a-b8b6b21cb3a2
23.12.2024, 15:31:30 [info]: [unsafeGenerateSession] Starting session creation for user: admin
23.12.2024, 15:31:30 [info]: [unsafeGenerateSession] Deleted 0 session(s) for user ID: 9
23.12.2024, 15:31:30 [info]: [unsafeGenerateSession] Session created: ID=ef15cf06-a961-4462-ad6a-b8b6b21cb3a2, user=admin
23.12.2024, 15:31:30 [info]: [unsafeLogin] Login successful: username=admin, sessionID=ef15cf06-a961-4462-ad6a-b8b6b21cb3a2
23.12.2024, 15:31:30 [info]: [validateAndUpdateSession] Safe Mode: false
23.12.2024, 15:31:30 [info]: [validateAndUpdateSession] Session updated successfully: ID=ef15cf06-a961-4462-ad6a-b8b6b21cb3a2
23.12.2024, 15:31:30 [info]: [getUser] Retrieved username: admin for session ID: ef15cf06-a961-4462-ad6a-b8b6b21cb3a2
23.12.2024, 15:31:47 [info]: [validateAndUpdateSession] Safe Mode: false
23.12.2024, 15:31:48 [info]: [validateAndUpdateSession] Session updated successfully: ID=ef15cf06-a961-4462-ad6a-b8b6b21cb3a2
23.12.2024, 15:31:48 [info]: [getUser] Retrieved username: admin for session ID: ef15cf06-a961-4462-ad6a-b8b6b21cb3a2
23.12.2024, 15:32:13 [info]: [validateAndUpdateSession] Safe Mode: false
23.12.2024, 15:32:13 [info]: [validateAndUpdateSession] Session updated successfully: ID=ef15cf06-a961-4462-ad6a-b8b6b21cb3a2
23.12.2024, 15:32:14 [info]: [getUser] Retrieved username: admin for session ID: ef15cf06-a961-4462-ad6a-b8b6b21cb3a2
23.12.2024, 15:32:15 [info]: [validateAndUpdateSession] Safe Mode: false
23.12.2024, 15:32:15 [info]: [validateAndUpdateSession] Session updated successfully: ID=ef15cf06-a961-4462-ad6a-b8b6b21cb3a2
23.12.2024, 15:32:16 [info]: [getUser] Retrieved username: admin for session ID: ef15cf06-a961-4462-ad6a-b8b6b21cb3a2
23.12.2024, 15:32:18 [info]: [validateAndUpdateSession] Safe Mode: false
23.12.2024, 15:32:18 [info]: [validateAndUpdateSession] Session updated successfully: ID=ef15cf06-a961-4462-ad6a-b8b6b21cb3a2
23.12.2024, 15:32:18 [info]: [getUser] Retrieved username: admin for session ID: ef15cf06-a961-4462-ad6a-b8b6b21cb3a2
23.12.2024, 15:32:20 [info]: [validateAndUpdateSession] Safe Mode: false
23.12.2024, 15:32:20 [info]: [validateAndUpdateSession] Session updated successfully: ID=ef15cf06-a961-4462-ad6a-b8b6b21cb3a2
23.12.2024, 15:32:20 [info]: [getUser] Retrieved username: admin for session ID: ef15cf06-a961-4462-ad6a-b8b6b21cb3a2
23.12.2024, 15:32:39 [info]: [validateAndUpdateSession] Safe Mode: false
23.12.2024, 15:32:39 [info]: [validateAndUpdateSession] Session updated successfully: ID=ef15cf06-a961-4462-ad6a-b8b6b21cb3a2
23.12.2024, 15:32:40 [info]: [getUser] Retrieved username: admin for session ID: ef15cf06-a961-4462-ad6a-b8b6b21cb3a2
23.12.2024, 15:33:02 [info]: [validateAndUpdateSession] Safe Mode: false
23.12.2024, 15:33:02 [info]: [validateAndUpdateSession] Session updated successfully: ID=ef15cf06-a961-4462-ad6a-b8b6b21cb3a2
23.12.2024, 15:33:02 [info]: [getUser] Retrieved username: admin for session ID: ef15cf06-a961-4462-ad6a-b8b6b21cb3a2
23.12.2024, 15:37:23 [info]: [validateAndUpdateSession] Safe Mode: false
23.12.2024, 15:37:24 [info]: [validateAndUpdateSession] Session updated successfully: ID=ef15cf06-a961-4462-ad6a-b8b6b21cb3a2
23.12.2024, 15:37:24 [info]: [getUser] Retrieved username: admin for session ID: ef15cf06-a961-4462-ad6a-b8b6b21cb3a2
23.12.2024, 15:38:13 [info]: [validateAndUpdateSession] Safe Mode: false
23.12.2024, 15:38:14 [info]: [validateAndUpdateSession] Session updated successfully: ID=ef15cf06-a961-4462-ad6a-b8b6b21cb3a2
23.12.2024, 15:38:14 [info]: [getUser] Retrieved username: admin for session ID: ef15cf06-a961-4462-ad6a-b8b6b21cb3a2
23.12.2024, 15:39:54 [info]: [validateAndUpdateSession] Safe Mode: false
23.12.2024, 15:39:54 [info]: [validateAndUpdateSession] Session updated successfully: ID=ef15cf06-a961-4462-ad6a-b8b6b21cb3a2
23.12.2024, 15:39:54 [info]: [getUser] Retrieved username: admin for session ID: ef15cf06-a961-4462-ad6a-b8b6b21cb3a2
23.12.2024, 15:39:57 [info]: [validateAndUpdateSession] Safe Mode: false
23.12.2024, 15:39:57 [info]: [validateAndUpdateSession] Session updated successfully: ID=ef15cf06-a961-4462-ad6a-b8b6b21cb3a2
23.12.2024, 15:39:57 [info]: [getUser] Retrieved username: admin for session ID: ef15cf06-a961-4462-ad6a-b8b6b21cb3a2
23.12.2024, 15:39:58 [info]: [validateAndUpdateSession] Safe Mode: false
23.12.2024, 15:39:58 [info]: [validateAndUpdateSession] Session updated successfully: ID=ef15cf06-a961-4462-ad6a-b8b6b21cb3a2
23.12.2024, 15:39:58 [info]: [getUser] Retrieved username: admin for session ID: ef15cf06-a961-4462-ad6a-b8b6b21cb3a2
23.12.2024, 15:40:00 [info]: [validateAndUpdateSession] Safe Mode: false
23.12.2024, 15:40:00 [info]: [validateAndUpdateSession] Session updated successfully: ID=ef15cf06-a961-4462-ad6a-b8b6b21cb3a2
23.12.2024, 15:40:00 [info]: [getUser] Retrieved username: admin for session ID: ef15cf06-a961-4462-ad6a-b8b6b21cb3a2
23.12.2024, 15:40:03 [info]: [validateAndUpdateSession] Safe Mode: false
23.12.2024, 15:40:03 [info]: [validateAndUpdateSession] Session updated successfully: ID=ef15cf06-a961-4462-ad6a-b8b6b21cb3a2
23.12.2024, 15:40:03 [info]: [getUser] Retrieved username: admin for session ID: ef15cf06-a961-4462-ad6a-b8b6b21cb3a2
23.12.2024, 15:40:04 [info]: [validateAndUpdateSession] Safe Mode: false
23.12.2024, 15:40:04 [info]: [validateAndUpdateSession] Session updated successfully: ID=ef15cf06-a961-4462-ad6a-b8b6b21cb3a2
23.12.2024, 15:40:04 [info]: [getUser] Retrieved username: admin for session ID: ef15cf06-a961-4462-ad6a-b8b6b21cb3a2
23.12.2024, 15:40:05 [info]: [validateAndUpdateSession] Safe Mode: false
23.12.2024, 15:40:06 [info]: [validateAndUpdateSession] Session updated successfully: ID=ef15cf06-a961-4462-ad6a-b8b6b21cb3a2
23.12.2024, 15:40:06 [info]: [getUser] Retrieved username: admin for session ID: ef15cf06-a961-4462-ad6a-b8b6b21cb3a2
23.12.2024, 15:40:07 [info]: [validateAndUpdateSession] Safe Mode: false
23.12.2024, 15:40:07 [info]: [validateAndUpdateSession] Session updated successfully: ID=ef15cf06-a961-4462-ad6a-b8b6b21cb3a2
23.12.2024, 15:40:08 [info]: [getUser] Retrieved username: admin for session ID: ef15cf06-a961-4462-ad6a-b8b6b21cb3a2
23.12.2024, 15:40:19 [info]: [validateAndUpdateSession] Safe Mode: false
23.12.2024, 15:40:19 [info]: [validateAndUpdateSession] Session updated successfully: ID=ef15cf06-a961-4462-ad6a-b8b6b21cb3a2
23.12.2024, 15:40:19 [info]: [getUser] Retrieved username: admin for session ID: ef15cf06-a961-4462-ad6a-b8b6b21cb3a2
23.12.2024, 15:40:20 [info]: [validateAndUpdateSession] Safe Mode: false
23.12.2024, 15:40:20 [info]: [validateAndUpdateSession] Session updated successfully: ID=ef15cf06-a961-4462-ad6a-b8b6b21cb3a2
23.12.2024, 15:40:20 [info]: [getUser] Retrieved username: admin for session ID: ef15cf06-a961-4462-ad6a-b8b6b21cb3a2
23.12.2024, 15:40:23 [info]: [validateAndUpdateSession] Safe Mode: false
23.12.2024, 15:40:24 [info]: [validateAndUpdateSession] Session updated successfully: ID=ef15cf06-a961-4462-ad6a-b8b6b21cb3a2
23.12.2024, 15:40:24 [info]: [getUser] Retrieved username: admin for session ID: ef15cf06-a961-4462-ad6a-b8b6b21cb3a2
23.12.2024, 15:40:47 [info]: [validateAndUpdateSession] Safe Mode: false
23.12.2024, 15:40:47 [info]: [validateAndUpdateSession] Session updated successfully: ID=ef15cf06-a961-4462-ad6a-b8b6b21cb3a2
23.12.2024, 15:40:47 [info]: [getUser] Retrieved username: admin for session ID: ef15cf06-a961-4462-ad6a-b8b6b21cb3a2
23.12.2024, 15:43:48 [info]: [validateAndUpdateSession] Safe Mode: false
23.12.2024, 15:43:48 [info]: [validateAndUpdateSession] Session updated successfully: ID=ef15cf06-a961-4462-ad6a-b8b6b21cb3a2
23.12.2024, 15:43:48 [info]: [getUser] Retrieved username: admin for session ID: ef15cf06-a961-4462-ad6a-b8b6b21cb3a2
23.12.2024, 15:43:51 [info]: [validateAndUpdateSession] Safe Mode: false
23.12.2024, 15:43:51 [info]: [validateAndUpdateSession] Session updated successfully: ID=ef15cf06-a961-4462-ad6a-b8b6b21cb3a2
23.12.2024, 15:43:52 [info]: [getUser] Retrieved username: admin for session ID: ef15cf06-a961-4462-ad6a-b8b6b21cb3a2
23.12.2024, 15:43:56 [info]: [validateAndUpdateSession] Safe Mode: false
23.12.2024, 15:43:56 [info]: [validateAndUpdateSession] Session updated successfully: ID=ef15cf06-a961-4462-ad6a-b8b6b21cb3a2
23.12.2024, 15:43:56 [info]: [getUser] Retrieved username: admin for session ID: ef15cf06-a961-4462-ad6a-b8b6b21cb3a2
23.12.2024, 15:43:57 [info]: [validateAndUpdateSession] Safe Mode: false
23.12.2024, 15:43:58 [info]: [validateAndUpdateSession] Session updated successfully: ID=ef15cf06-a961-4462-ad6a-b8b6b21cb3a2
23.12.2024, 15:43:58 [info]: [getUser] Retrieved username: admin for session ID: ef15cf06-a961-4462-ad6a-b8b6b21cb3a2
23.12.2024, 15:44:10 [info]: [validateAndUpdateSession] Safe Mode: false
23.12.2024, 15:44:10 [info]: [validateAndUpdateSession] Session updated successfully: ID=ef15cf06-a961-4462-ad6a-b8b6b21cb3a2
23.12.2024, 15:44:10 [info]: [getUser] Retrieved username: admin for session ID: ef15cf06-a961-4462-ad6a-b8b6b21cb3a2
23.12.2024, 17:05:27 [info]: [validateAndUpdateSession] Safe Mode: false
23.12.2024, 17:05:27 [info]: [validateAndUpdateSession] Session updated successfully: ID=ef15cf06-a961-4462-ad6a-b8b6b21cb3a2
23.12.2024, 17:05:27 [info]: [getUser] Retrieved username: admin for session ID: ef15cf06-a961-4462-ad6a-b8b6b21cb3a2
23.12.2024, 17:17:27 [info]: [validateAndUpdateSession] Safe Mode: true
23.12.2024, 17:17:27 [info]: [validateAndUpdateSession] Session updated successfully: ID=ef15cf06-a961-4462-ad6a-b8b6b21cb3a2
23.12.2024, 17:17:28 [info]: [getUser] Retrieved username: admin for session ID: ef15cf06-a961-4462-ad6a-b8b6b21cb3a2
23.12.2024, 17:18:13 [info]: [validateAndUpdateSession] Safe Mode: false
23.12.2024, 17:18:14 [info]: [validateAndUpdateSession] Session updated successfully: ID=ef15cf06-a961-4462-ad6a-b8b6b21cb3a2
23.12.2024, 17:18:14 [info]: [getUser] Retrieved username: admin for session ID: ef15cf06-a961-4462-ad6a-b8b6b21cb3a2
23.12.2024, 17:24:16 [info]: [validateAndUpdateSession] Safe Mode: true
23.12.2024, 17:24:16 [info]: [validateAndUpdateSession] Session updated successfully: ID=ef15cf06-a961-4462-ad6a-b8b6b21cb3a2
23.12.2024, 17:24:17 [info]: [getUser] Retrieved username: admin for session ID: ef15cf06-a961-4462-ad6a-b8b6b21cb3a2
23.12.2024, 17:29:01 [info]: [validateAndUpdateSession] Safe Mode: false
23.12.2024, 17:29:02 [info]: [validateAndUpdateSession] Session updated successfully: ID=ef15cf06-a961-4462-ad6a-b8b6b21cb3a2
23.12.2024, 17:29:02 [info]: [getUser] Retrieved username: admin for session ID: ef15cf06-a961-4462-ad6a-b8b6b21cb3a2
23.12.2024, 17:29:07 [info]: [deleteSession] Session deleted: ID=ef15cf06-a961-4462-ad6a-b8b6b21cb3a2
23.12.2024, 17:29:07 [info]: [logout] Session deleted successfully: sessionID=ef15cf06-a961-4462-ad6a-b8b6b21cb3a2
23.12.2024, 17:29:09 [info]: [validateAndUpdateSession] No session ID provided
23.12.2024, 17:29:14 [info]: [encryptPassword] Password encrypted successfully
23.12.2024, 17:29:14 [info]: [validateLogin] Login successful: username=admin
23.12.2024, 17:29:14 [info]: [generateUUID] Generated UUID: 889a7fe1-c262-4ebc-bcf1-b9bd6af3b053
23.12.2024, 17:29:14 [info]: [generateSession] Starting session creation for user: admin
23.12.2024, 17:29:15 [info]: [generateSession] Deleted 0 session(s) for user ID: 9
23.12.2024, 17:29:16 [info]: [generateSession] Session created: ID=889a7fe1-c262-4ebc-bcf1-b9bd6af3b053, user=admin
23.12.2024, 17:29:16 [info]: [login] Login successful: username=admin, sessionID=889a7fe1-c262-4ebc-bcf1-b9bd6af3b053
23.12.2024, 17:29:16 [info]: [validateAndUpdateSession] Safe Mode: false
23.12.2024, 17:29:16 [info]: [validateAndUpdateSession] Session updated successfully: ID=889a7fe1-c262-4ebc-bcf1-b9bd6af3b053
23.12.2024, 17:29:17 [info]: [getUser] Retrieved username: admin for session ID: 889a7fe1-c262-4ebc-bcf1-b9bd6af3b053
23.12.2024, 17:32:22 [info]: [validateAndUpdateSession] Safe Mode: true
23.12.2024, 17:32:22 [info]: [validateAndUpdateSession] Session updated successfully: ID=889a7fe1-c262-4ebc-bcf1-b9bd6af3b053
23.12.2024, 17:32:22 [info]: [getUser] Retrieved username: admin for session ID: 889a7fe1-c262-4ebc-bcf1-b9bd6af3b053
23.12.2024, 17:32:32 [info]: [deleteSession] Session deleted: ID=889a7fe1-c262-4ebc-bcf1-b9bd6af3b053
23.12.2024, 17:32:32 [info]: [logout] Session deleted successfully: sessionID=889a7fe1-c262-4ebc-bcf1-b9bd6af3b053
23.12.2024, 17:32:33 [info]: [validateAndUpdateSession] No session ID provided
23.12.2024, 17:32:39 [info]: [encryptPassword] Password encrypted successfully
23.12.2024, 17:32:39 [info]: [unsafeValidateLogin] Login successful: username=admin
23.12.2024, 17:32:39 [info]: [generateUUID] Generated UUID: 7e2ef10c-00cf-4200-9b49-a6f43afd890d
23.12.2024, 17:32:39 [info]: [unsafeGenerateSession] Starting session creation for user: admin
23.12.2024, 17:32:40 [info]: [unsafeGenerateSession] Deleted 0 session(s) for user ID: 9
23.12.2024, 17:32:40 [info]: [unsafeGenerateSession] Session created: ID=7e2ef10c-00cf-4200-9b49-a6f43afd890d, user=admin
23.12.2024, 17:32:40 [info]: [unsafeLogin] Login successful: username=admin, sessionID=7e2ef10c-00cf-4200-9b49-a6f43afd890d
23.12.2024, 17:32:40 [info]: [validateAndUpdateSession] Safe Mode: true
23.12.2024, 17:32:40 [info]: [validateAndUpdateSession] Session updated successfully: ID=7e2ef10c-00cf-4200-9b49-a6f43afd890d
23.12.2024, 17:32:40 [info]: [getUser] Retrieved username: admin for session ID: 7e2ef10c-00cf-4200-9b49-a6f43afd890d
23.12.2024, 17:35:44 [info]: [validateAndUpdateSession] Safe Mode: true
23.12.2024, 17:35:44 [info]: [validateAndUpdateSession] Session updated successfully: ID=7e2ef10c-00cf-4200-9b49-a6f43afd890d
23.12.2024, 17:35:45 [info]: [getUser] Retrieved username: admin for session ID: 7e2ef10c-00cf-4200-9b49-a6f43afd890d
23.12.2024, 17:39:33 [info]: [validateAndUpdateSession] Safe Mode: false
23.12.2024, 17:39:33 [info]: [validateAndUpdateSession] Session updated successfully: ID=7e2ef10c-00cf-4200-9b49-a6f43afd890d
23.12.2024, 17:39:34 [info]: [getUser] Retrieved username: admin for session ID: 7e2ef10c-00cf-4200-9b49-a6f43afd890d
23.12.2024, 17:39:37 [info]: [deleteSession] Session deleted: ID=7e2ef10c-00cf-4200-9b49-a6f43afd890d
23.12.2024, 17:39:37 [info]: [logout] Session deleted successfully: sessionID=7e2ef10c-00cf-4200-9b49-a6f43afd890d
23.12.2024, 17:39:41 [info]: [encryptPassword] Password encrypted successfully
23.12.2024, 17:39:42 [info]: [validateLogin] Login successful: username=admin
23.12.2024, 17:39:42 [info]: [generateUUID] Generated UUID: 260f8a97-0bd9-45a3-9e7b-fe9f670d6bd0
23.12.2024, 17:39:42 [info]: [generateSession] Starting session creation for user: admin
23.12.2024, 17:39:42 [info]: [generateSession] Deleted 0 session(s) for user ID: 9
23.12.2024, 17:39:42 [info]: [generateSession] Session created: ID=260f8a97-0bd9-45a3-9e7b-fe9f670d6bd0, user=admin
23.12.2024, 17:39:42 [info]: [login] Login successful: username=admin, sessionID=260f8a97-0bd9-45a3-9e7b-fe9f670d6bd0
23.12.2024, 17:39:42 [info]: [validateAndUpdateSession] Safe Mode: true
23.12.2024, 17:39:42 [info]: [validateAndUpdateSession] Session updated successfully: ID=260f8a97-0bd9-45a3-9e7b-fe9f670d6bd0
23.12.2024, 17:39:43 [info]: [getUser] Retrieved username: admin for session ID: 260f8a97-0bd9-45a3-9e7b-fe9f670d6bd0
23.12.2024, 17:41:05 [info]: [validateAndUpdateSession] Safe Mode: false
23.12.2024, 17:41:05 [info]: [validateAndUpdateSession] Session updated successfully: ID=260f8a97-0bd9-45a3-9e7b-fe9f670d6bd0
23.12.2024, 17:41:06 [info]: [getUser] Retrieved username: admin for session ID: 260f8a97-0bd9-45a3-9e7b-fe9f670d6bd0
23.12.2024, 17:41:08 [info]: [deleteSession] Session deleted: ID=260f8a97-0bd9-45a3-9e7b-fe9f670d6bd0
23.12.2024, 17:41:08 [info]: [logout] Session deleted successfully: sessionID=260f8a97-0bd9-45a3-9e7b-fe9f670d6bd0
23.12.2024, 17:41:09 [info]: [validateAndUpdateSession] No session ID provided
23.12.2024, 17:41:10 [info]: [validateAndUpdateSession] No session ID provided
23.12.2024, 17:41:17 [info]: [validateAndUpdateSession] No session ID provided
23.12.2024, 17:43:20 [info]: [validateAndUpdateSession] No session ID provided
23.12.2024, 17:44:58 [info]: [validateAndUpdateSession] No session ID provided
23.12.2024, 17:45:00 [info]: [validateAndUpdateSession] No session ID provided
23.12.2024, 17:45:01 [info]: [validateAndUpdateSession] No session ID provided
23.12.2024, 17:45:04 [info]: [validateAndUpdateSession] No session ID provided
23.12.2024, 17:45:06 [info]: [validateAndUpdateSession] No session ID provided
23.12.2024, 17:46:17 [info]: [validateAndUpdateSession] No session ID provided
23.12.2024, 17:46:21 [info]: [validateAndUpdateSession] No session ID provided
23.12.2024, 17:46:23 [info]: [validateAndUpdateSession] No session ID provided
23.12.2024, 17:46:24 [info]: [validateAndUpdateSession] No session ID provided
23.12.2024, 17:46:25 [info]: [validateAndUpdateSession] No session ID provided
23.12.2024, 17:46:25 [info]: [validateAndUpdateSession] No session ID provided
23.12.2024, 17:46:26 [info]: [validateAndUpdateSession] No session ID provided
23.12.2024, 17:46:26 [info]: [validateAndUpdateSession] No session ID provided
23.12.2024, 17:46:27 [info]: [validateAndUpdateSession] No session ID provided
23.12.2024, 17:46:27 [info]: [validateAndUpdateSession] No session ID provided
23.12.2024, 17:46:28 [info]: [validateAndUpdateSession] No session ID provided
23.12.2024, 17:46:29 [info]: [validateAndUpdateSession] No session ID provided
23.12.2024, 17:46:29 [info]: [validateAndUpdateSession] No session ID provided
23.12.2024, 17:46:30 [info]: [validateAndUpdateSession] No session ID provided
23.12.2024, 17:46:30 [info]: [validateAndUpdateSession] No session ID provided
23.12.2024, 17:46:31 [info]: [validateAndUpdateSession] No session ID provided
23.12.2024, 17:46:31 [info]: [validateAndUpdateSession] No session ID provided
23.12.2024, 17:46:32 [info]: [validateAndUpdateSession] No session ID provided
23.12.2024, 17:46:32 [info]: [validateAndUpdateSession] No session ID provided
23.12.2024, 17:46:33 [info]: [validateAndUpdateSession] No session ID provided
23.12.2024, 17:46:33 [info]: [validateAndUpdateSession] No session ID provided
23.12.2024, 17:46:34 [info]: [validateAndUpdateSession] No session ID provided
23.12.2024, 17:46:34 [info]: [validateAndUpdateSession] No session ID provided
23.12.2024, 17:46:35 [info]: [validateAndUpdateSession] No session ID provided
23.12.2024, 17:46:35 [info]: [validateAndUpdateSession] No session ID provided
23.12.2024, 17:46:36 [info]: [validateAndUpdateSession] No session ID provided
23.12.2024, 17:46:36 [info]: [validateAndUpdateSession] No session ID provided
23.12.2024, 17:46:36 [info]: [validateAndUpdateSession] No session ID provided
23.12.2024, 17:46:55 [info]: Loading route file: route_account_management.js
23.12.2024, 17:46:55 [info]: Loading route file: route_blog.js
23.12.2024, 17:46:55 [info]: Server is running on http://localhost:3000
23.12.2024, 17:46:55 [error]: Fehler beim Überprüfen des Uvicorn-Servers: connect ECONNREFUSED 127.0.0.1:8001
23.12.2024, 17:46:56 [info]: Database connection established
23.12.2024, 17:47:01 [info]: [encryptPassword] Password encrypted successfully
23.12.2024, 17:47:01 [info]: [validateLogin] Login successful: username=admin
23.12.2024, 17:47:01 [info]: [generateUUID] Generated UUID: 0369b0e5-cb38-4b52-8400-027bc542b4d0
23.12.2024, 17:47:01 [info]: [generateSession] Starting session creation for user: admin
23.12.2024, 17:47:02 [info]: [generateSession] Deleted 0 session(s) for user ID: 9
23.12.2024, 17:47:02 [info]: [generateSession] Session created: ID=0369b0e5-cb38-4b52-8400-027bc542b4d0, user=admin
23.12.2024, 17:47:02 [info]: [login] Login successful: username=admin, sessionID=0369b0e5-cb38-4b52-8400-027bc542b4d0
23.12.2024, 17:47:02 [info]: [validateAndUpdateSession] Safe Mode: true
23.12.2024, 17:47:02 [info]: [validateAndUpdateSession] Session updated successfully: ID=0369b0e5-cb38-4b52-8400-027bc542b4d0
23.12.2024, 17:47:03 [info]: [getUser] Retrieved username: admin for session ID: 0369b0e5-cb38-4b52-8400-027bc542b4d0
23.12.2024, 17:47:08 [info]: [validateAndUpdateSession] Safe Mode: false
23.12.2024, 17:47:08 [info]: [validateAndUpdateSession] Session updated successfully: ID=0369b0e5-cb38-4b52-8400-027bc542b4d0
23.12.2024, 17:47:08 [info]: [getUser] Retrieved username: admin for session ID: 0369b0e5-cb38-4b52-8400-027bc542b4d0
23.12.2024, 17:47:10 [info]: [validateAndUpdateSession] Safe Mode: true
23.12.2024, 17:47:10 [info]: [validateAndUpdateSession] Session updated successfully: ID=0369b0e5-cb38-4b52-8400-027bc542b4d0
23.12.2024, 17:47:10 [info]: [getUser] Retrieved username: admin for session ID: 0369b0e5-cb38-4b52-8400-027bc542b4d0
23.12.2024, 17:47:12 [info]: [validateAndUpdateSession] Safe Mode: false
23.12.2024, 17:47:12 [info]: [validateAndUpdateSession] Session updated successfully: ID=0369b0e5-cb38-4b52-8400-027bc542b4d0
23.12.2024, 17:47:12 [info]: [getUser] Retrieved username: admin for session ID: 0369b0e5-cb38-4b52-8400-027bc542b4d0
23.12.2024, 17:47:22 [info]: [deleteSession] Session deleted: ID=0369b0e5-cb38-4b52-8400-027bc542b4d0
23.12.2024, 17:47:22 [info]: [logout] Session deleted successfully: sessionID=0369b0e5-cb38-4b52-8400-027bc542b4d0
23.12.2024, 17:47:24 [info]: [validateAndUpdateSession] No session ID provided
23.12.2024, 17:50:06 [info]: Loading route file: route_account_management.js
23.12.2024, 17:50:06 [info]: Loading route file: route_blog.js
23.12.2024, 17:50:06 [info]: Server is running on http://localhost:3000
23.12.2024, 17:50:06 [error]: Fehler beim Überprüfen des Uvicorn-Servers: connect ECONNREFUSED 127.0.0.1:8001
23.12.2024, 17:50:07 [info]: Database connection established
23.12.2024, 17:50:45 [info]: [validateAndUpdateSession] No session ID provided
23.12.2024, 17:51:25 [info]: [validateAndUpdateSession] No session ID provided
23.12.2024, 17:51:26 [info]: [validateAndUpdateSession] No session ID provided
23.12.2024, 17:51:26 [info]: [validateAndUpdateSession] No session ID provided
23.12.2024, 17:51:27 [info]: [validateAndUpdateSession] No session ID provided
23.12.2024, 17:51:58 [info]: [validateAndUpdateSession] No session ID provided
23.12.2024, 17:51:59 [info]: [validateAndUpdateSession] No session ID provided
23.12.2024, 17:52:01 [info]: [validateAndUpdateSession] No session ID provided
23.12.2024, 17:52:02 [info]: [validateAndUpdateSession] No session ID provided
23.12.2024, 17:53:28 [info]: [validateAndUpdateSession] No session ID provided
23.12.2024, 17:53:29 [info]: [validateAndUpdateSession] No session ID provided
23.12.2024, 17:53:29 [info]: [validateAndUpdateSession] No session ID provided
23.12.2024, 17:53:30 [info]: [validateAndUpdateSession] No session ID provided
23.12.2024, 17:53:30 [info]: [validateAndUpdateSession] No session ID provided
23.12.2024, 17:53:31 [info]: [validateAndUpdateSession] No session ID provided
23.12.2024, 17:53:31 [info]: [validateAndUpdateSession] No session ID provided
23.12.2024, 17:53:33 [info]: [validateAndUpdateSession] No session ID provided
23.12.2024, 17:53:37 [info]: [validateAndUpdateSession] No session ID provided
23.12.2024, 17:53:37 [info]: [validateAndUpdateSession] No session ID provided
23.12.2024, 17:53:42 [info]: [validateAndUpdateSession] No session ID provided
23.12.2024, 17:53:43 [info]: [validateAndUpdateSession] No session ID provided
23.12.2024, 17:53:43 [info]: [validateAndUpdateSession] No session ID provided
23.12.2024, 17:53:43 [info]: [validateAndUpdateSession] No session ID provided
23.12.2024, 17:53:44 [info]: [validateAndUpdateSession] No session ID provided
23.12.2024, 17:53:44 [info]: [validateAndUpdateSession] No session ID provided
23.12.2024, 17:53:45 [info]: [validateAndUpdateSession] No session ID provided
23.12.2024, 17:53:46 [info]: [validateAndUpdateSession] No session ID provided
23.12.2024, 17:53:46 [info]: [validateAndUpdateSession] No session ID provided
23.12.2024, 17:53:47 [info]: [validateAndUpdateSession] No session ID provided
23.12.2024, 17:53:47 [info]: [validateAndUpdateSession] No session ID provided
23.12.2024, 17:53:47 [info]: [validateAndUpdateSession] No session ID provided
23.12.2024, 17:53:48 [info]: [validateAndUpdateSession] No session ID provided
23.12.2024, 17:53:48 [info]: [validateAndUpdateSession] No session ID provided
23.12.2024, 17:53:49 [info]: [validateAndUpdateSession] No session ID provided
23.12.2024, 17:53:49 [info]: [validateAndUpdateSession] No session ID provided
23.12.2024, 17:53:49 [info]: [validateAndUpdateSession] No session ID provided
23.12.2024, 17:53:49 [info]: [validateAndUpdateSession] No session ID provided
23.12.2024, 17:53:50 [info]: [validateAndUpdateSession] No session ID provided
23.12.2024, 17:53:50 [info]: [validateAndUpdateSession] No session ID provided
23.12.2024, 17:53:50 [info]: [validateAndUpdateSession] No session ID provided
23.12.2024, 17:55:16 [info]: [validateAndUpdateSession] No session ID provided
23.12.2024, 17:55:16 [info]: [validateAndUpdateSession] No session ID provided
23.12.2024, 17:55:17 [info]: [validateAndUpdateSession] No session ID provided
23.12.2024, 17:55:17 [info]: [validateAndUpdateSession] No session ID provided
23.12.2024, 17:55:18 [info]: [validateAndUpdateSession] No session ID provided
23.12.2024, 17:55:19 [info]: [validateAndUpdateSession] No session ID provided
23.12.2024, 17:55:19 [info]: [validateAndUpdateSession] No session ID provided
23.12.2024, 17:55:20 [info]: [validateAndUpdateSession] No session ID provided
23.12.2024, 17:55:24 [info]: [validateAndUpdateSession] No session ID provided
23.12.2024, 17:55:27 [info]: [validateAndUpdateSession] No session ID provided
23.12.2024, 17:55:27 [info]: [validateAndUpdateSession] No session ID provided
23.12.2024, 17:55:28 [info]: [validateAndUpdateSession] No session ID provided
23.12.2024, 17:55:28 [info]: [validateAndUpdateSession] No session ID provided
23.12.2024, 17:55:29 [info]: [validateAndUpdateSession] No session ID provided
23.12.2024, 17:55:29 [info]: [validateAndUpdateSession] No session ID provided
23.12.2024, 17:55:30 [info]: [validateAndUpdateSession] No session ID provided
23.12.2024, 17:55:30 [info]: [validateAndUpdateSession] No session ID provided
23.12.2024, 17:55:31 [info]: [validateAndUpdateSession] No session ID provided
23.12.2024, 17:55:31 [info]: [validateAndUpdateSession] No session ID provided
23.12.2024, 17:55:52 [info]: [validateAndUpdateSession] No session ID provided
23.12.2024, 17:56:01 [info]: [validateAndUpdateSession] No session ID provided
23.12.2024, 17:56:01 [info]: [validateAndUpdateSession] No session ID provided
23.12.2024, 17:56:03 [info]: [validateAndUpdateSession] No session ID provided
23.12.2024, 17:56:03 [info]: [validateAndUpdateSession] No session ID provided
23.12.2024, 17:56:04 [info]: [validateAndUpdateSession] No session ID provided
23.12.2024, 17:56:05 [info]: [validateAndUpdateSession] No session ID provided
23.12.2024, 17:56:05 [info]: [validateAndUpdateSession] No session ID provided
23.12.2024, 17:56:06 [info]: [validateAndUpdateSession] No session ID provided
23.12.2024, 17:56:07 [info]: [validateAndUpdateSession] No session ID provided
23.12.2024, 17:56:07 [info]: [validateAndUpdateSession] No session ID provided
23.12.2024, 17:56:08 [info]: [validateAndUpdateSession] No session ID provided
23.12.2024, 17:56:08 [info]: [validateAndUpdateSession] No session ID provided
23.12.2024, 17:56:09 [info]: [validateAndUpdateSession] No session ID provided
23.12.2024, 17:56:09 [info]: [validateAndUpdateSession] No session ID provided
23.12.2024, 17:56:10 [info]: [validateAndUpdateSession] No session ID provided
23.12.2024, 17:56:10 [info]: [validateAndUpdateSession] No session ID provided
23.12.2024, 17:56:11 [info]: [validateAndUpdateSession] No session ID provided
23.12.2024, 17:56:11 [info]: [validateAndUpdateSession] No session ID provided
23.12.2024, 17:56:11 [info]: [validateAndUpdateSession] No session ID provided
23.12.2024, 17:56:12 [info]: [validateAndUpdateSession] No session ID provided
23.12.2024, 17:56:37 [info]: [validateAndUpdateSession] No session ID provided
23.12.2024, 17:56:38 [info]: [validateAndUpdateSession] No session ID provided
23.12.2024, 17:56:38 [info]: [validateAndUpdateSession] No session ID provided
23.12.2024, 17:56:39 [info]: [validateAndUpdateSession] No session ID provided
23.12.2024, 17:56:39 [info]: [validateAndUpdateSession] No session ID provided
23.12.2024, 17:56:39 [info]: [validateAndUpdateSession] No session ID provided
23.12.2024, 17:56:40 [info]: [validateAndUpdateSession] No session ID provided
23.12.2024, 17:56:40 [info]: [validateAndUpdateSession] No session ID provided
23.12.2024, 18:02:02 [info]: [validateAndUpdateSession] No session ID provided
23.12.2024, 18:02:02 [info]: [validateAndUpdateSession] No session ID provided
23.12.2024, 18:02:03 [info]: [validateAndUpdateSession] No session ID provided
23.12.2024, 18:02:03 [info]: [validateAndUpdateSession] No session ID provided
23.12.2024, 18:02:03 [info]: [validateAndUpdateSession] No session ID provided
23.12.2024, 18:02:03 [info]: [validateAndUpdateSession] No session ID provided
23.12.2024, 18:02:03 [info]: [validateAndUpdateSession] No session ID provided
23.12.2024, 18:02:04 [info]: [validateAndUpdateSession] No session ID provided
23.12.2024, 18:02:04 [info]: [validateAndUpdateSession] No session ID provided
23.12.2024, 18:02:04 [info]: [validateAndUpdateSession] No session ID provided
23.12.2024, 18:02:04 [info]: [validateAndUpdateSession] No session ID provided
23.12.2024, 18:02:05 [info]: [validateAndUpdateSession] No session ID provided
23.12.2024, 18:02:05 [info]: [validateAndUpdateSession] No session ID provided
23.12.2024, 18:02:05 [info]: [validateAndUpdateSession] No session ID provided
23.12.2024, 18:02:06 [info]: [validateAndUpdateSession] No session ID provided
23.12.2024, 18:02:06 [info]: [validateAndUpdateSession] No session ID provided
23.12.2024, 18:02:06 [info]: [validateAndUpdateSession] No session ID provided
23.12.2024, 18:02:06 [info]: [validateAndUpdateSession] No session ID provided
23.12.2024, 18:02:07 [info]: [validateAndUpdateSession] No session ID provided
23.12.2024, 18:02:07 [info]: [validateAndUpdateSession] No session ID provided
23.12.2024, 18:02:07 [info]: [validateAndUpdateSession] No session ID provided
23.12.2024, 18:02:07 [info]: [validateAndUpdateSession] No session ID provided
23.12.2024, 18:02:07 [info]: [validateAndUpdateSession] No session ID provided
23.12.2024, 18:02:12 [info]: [validateAndUpdateSession] No session ID provided
23.12.2024, 18:02:12 [info]: [validateAndUpdateSession] No session ID provided
23.12.2024, 18:02:12 [info]: [validateAndUpdateSession] No session ID provided
23.12.2024, 18:02:12 [info]: [validateAndUpdateSession] No session ID provided
23.12.2024, 18:02:13 [info]: [validateAndUpdateSession] No session ID provided
23.12.2024, 18:02:13 [info]: [validateAndUpdateSession] No session ID provided
23.12.2024, 18:02:13 [info]: [validateAndUpdateSession] No session ID provided
23.12.2024, 18:02:14 [info]: [validateAndUpdateSession] No session ID provided
23.12.2024, 18:02:14 [info]: [validateAndUpdateSession] No session ID provided
23.12.2024, 18:02:14 [info]: [validateAndUpdateSession] No session ID provided
23.12.2024, 18:02:14 [info]: [validateAndUpdateSession] No session ID provided
23.12.2024, 18:02:14 [info]: [validateAndUpdateSession] No session ID provided
23.12.2024, 18:02:15 [info]: [validateAndUpdateSession] No session ID provided
23.12.2024, 18:02:15 [info]: [validateAndUpdateSession] No session ID provided
23.12.2024, 18:02:15 [info]: [validateAndUpdateSession] No session ID provided
23.12.2024, 18:02:15 [info]: [validateAndUpdateSession] No session ID provided
23.12.2024, 18:02:15 [info]: [validateAndUpdateSession] No session ID provided
23.12.2024, 18:02:16 [info]: [validateAndUpdateSession] No session ID provided
23.12.2024, 18:02:16 [info]: [validateAndUpdateSession] No session ID provided
23.12.2024, 18:02:16 [info]: [validateAndUpdateSession] No session ID provided
23.12.2024, 18:02:17 [info]: [validateAndUpdateSession] No session ID provided
23.12.2024, 18:02:22 [info]: [encryptPassword] Password encrypted successfully
23.12.2024, 18:02:22 [info]: [unsafeValidateLogin] Login successful: username=admin
23.12.2024, 18:02:22 [info]: [generateUUID] Generated UUID: 282b5265-7674-4e0b-a2d5-d32782d9ddc3
23.12.2024, 18:02:22 [info]: [unsafeGenerateSession] Starting session creation for user: admin
23.12.2024, 18:02:22 [info]: [unsafeGenerateSession] Deleted 0 session(s) for user ID: 9
23.12.2024, 18:02:22 [info]: [unsafeGenerateSession] Session created: ID=282b5265-7674-4e0b-a2d5-d32782d9ddc3, user=admin
23.12.2024, 18:02:22 [info]: [unsafeLogin] Login successful: username=admin, sessionID=282b5265-7674-4e0b-a2d5-d32782d9ddc3
23.12.2024, 18:02:22 [info]: [validateAndUpdateSession] Safe Mode: false
23.12.2024, 18:02:23 [info]: [validateAndUpdateSession] Session updated successfully: ID=282b5265-7674-4e0b-a2d5-d32782d9ddc3
23.12.2024, 18:02:23 [info]: [getUser] Retrieved username: admin for session ID: 282b5265-7674-4e0b-a2d5-d32782d9ddc3
23.12.2024, 18:02:25 [info]: [validateAndUpdateSession] Safe Mode: false
23.12.2024, 18:02:25 [info]: [validateAndUpdateSession] Session updated successfully: ID=282b5265-7674-4e0b-a2d5-d32782d9ddc3
23.12.2024, 18:02:25 [info]: [getUser] Retrieved username: admin for session ID: 282b5265-7674-4e0b-a2d5-d32782d9ddc3
23.12.2024, 18:02:26 [info]: [validateAndUpdateSession] Safe Mode: false
23.12.2024, 18:02:26 [info]: [validateAndUpdateSession] Session updated successfully: ID=282b5265-7674-4e0b-a2d5-d32782d9ddc3
23.12.2024, 18:02:26 [info]: [getUser] Retrieved username: admin for session ID: 282b5265-7674-4e0b-a2d5-d32782d9ddc3
23.12.2024, 18:02:27 [info]: [validateAndUpdateSession] Safe Mode: false
23.12.2024, 18:02:27 [info]: [validateAndUpdateSession] Session updated successfully: ID=282b5265-7674-4e0b-a2d5-d32782d9ddc3
23.12.2024, 18:02:27 [info]: [getUser] Retrieved username: admin for session ID: 282b5265-7674-4e0b-a2d5-d32782d9ddc3
23.12.2024, 18:02:28 [info]: [validateAndUpdateSession] Safe Mode: false
23.12.2024, 18:02:28 [info]: [validateAndUpdateSession] Session updated successfully: ID=282b5265-7674-4e0b-a2d5-d32782d9ddc3
23.12.2024, 18:02:28 [info]: [getUser] Retrieved username: admin for session ID: 282b5265-7674-4e0b-a2d5-d32782d9ddc3
23.12.2024, 18:02:29 [info]: [validateAndUpdateSession] Safe Mode: false
23.12.2024, 18:02:29 [info]: [validateAndUpdateSession] Session updated successfully: ID=282b5265-7674-4e0b-a2d5-d32782d9ddc3
23.12.2024, 18:02:29 [info]: [getUser] Retrieved username: admin for session ID: 282b5265-7674-4e0b-a2d5-d32782d9ddc3
23.12.2024, 18:02:31 [info]: [deleteSession] Session deleted: ID=282b5265-7674-4e0b-a2d5-d32782d9ddc3
23.12.2024, 18:02:31 [info]: [logout] Session deleted successfully: sessionID=282b5265-7674-4e0b-a2d5-d32782d9ddc3
23.12.2024, 18:02:32 [info]: [validateAndUpdateSession] No session ID provided
23.12.2024, 18:02:33 [info]: [validateAndUpdateSession] No session ID provided
23.12.2024, 18:02:34 [info]: [validateAndUpdateSession] No session ID provided
23.12.2024, 18:02:38 [info]: [validateAndUpdateSession] No session ID provided
23.12.2024, 18:02:39 [info]: [validateAndUpdateSession] No session ID provided
23.12.2024, 18:02:39 [info]: [validateAndUpdateSession] No session ID provided
23.12.2024, 18:02:40 [info]: [validateAndUpdateSession] No session ID provided
23.12.2024, 18:02:40 [info]: [validateAndUpdateSession] No session ID provided
23.12.2024, 18:02:41 [info]: [validateAndUpdateSession] No session ID provided
23.12.2024, 18:02:41 [info]: [validateAndUpdateSession] No session ID provided
23.12.2024, 18:02:41 [info]: [validateAndUpdateSession] No session ID provided
23.12.2024, 18:02:42 [info]: [validateAndUpdateSession] No session ID provided
23.12.2024, 18:02:43 [info]: [validateAndUpdateSession] No session ID provided
23.12.2024, 18:02:43 [info]: [validateAndUpdateSession] No session ID provided
23.12.2024, 18:02:44 [info]: [validateAndUpdateSession] No session ID provided
23.12.2024, 18:02:54 [info]: [validateAndUpdateSession] No session ID provided
23.12.2024, 18:03:00 [info]: [validateAndUpdateSession] No session ID provided
23.12.2024, 18:03:02 [info]: [validateAndUpdateSession] No session ID provided
23.12.2024, 18:03:02 [info]: [validateAndUpdateSession] No session ID provided
23.12.2024, 18:03:04 [info]: [validateAndUpdateSession] No session ID provided
23.12.2024, 18:03:05 [info]: [validateAndUpdateSession] No session ID provided
23.12.2024, 18:03:06 [info]: [validateAndUpdateSession] No session ID provided
23.12.2024, 18:03:08 [info]: [validateAndUpdateSession] No session ID provided
23.12.2024, 18:03:12 [info]: [validateAndUpdateSession] No session ID provided
23.12.2024, 18:03:13 [info]: [validateAndUpdateSession] No session ID provided
23.12.2024, 18:03:16 [info]: [validateAndUpdateSession] No session ID provided
23.12.2024, 18:03:17 [info]: [validateAndUpdateSession] No session ID provided
23.12.2024, 18:03:17 [info]: [validateAndUpdateSession] No session ID provided
23.12.2024, 18:03:17 [info]: [validateAndUpdateSession] No session ID provided
23.12.2024, 18:03:17 [info]: [validateAndUpdateSession] No session ID provided
23.12.2024, 18:03:18 [info]: [validateAndUpdateSession] No session ID provided
23.12.2024, 18:03:18 [info]: [validateAndUpdateSession] No session ID provided
23.12.2024, 18:03:18 [info]: [validateAndUpdateSession] No session ID provided
23.12.2024, 18:03:19 [info]: [validateAndUpdateSession] No session ID provided
23.12.2024, 18:03:19 [info]: [validateAndUpdateSession] No session ID provided
23.12.2024, 18:03:20 [info]: [validateAndUpdateSession] No session ID provided
23.12.2024, 18:03:20 [info]: [validateAndUpdateSession] No session ID provided
23.12.2024, 18:03:21 [info]: [validateAndUpdateSession] No session ID provided
23.12.2024, 18:03:21 [info]: [validateAndUpdateSession] No session ID provided
23.12.2024, 18:03:22 [info]: [validateAndUpdateSession] No session ID provided
23.12.2024, 18:03:22 [info]: [validateAndUpdateSession] No session ID provided
23.12.2024, 18:03:23 [info]: [validateAndUpdateSession] No session ID provided
23.12.2024, 18:03:24 [info]: [validateAndUpdateSession] No session ID provided
23.12.2024, 18:04:31 [info]: [validateAndUpdateSession] No session ID provided
23.12.2024, 18:05:25 [info]: [validateAndUpdateSession] No session ID provided
23.12.2024, 18:05:42 [info]: [validateAndUpdateSession] No session ID provided
23.12.2024, 18:06:51 [info]: [validateAndUpdateSession] No session ID provided
23.12.2024, 18:06:52 [info]: [validateAndUpdateSession] No session ID provided
23.12.2024, 18:06:53 [info]: [validateAndUpdateSession] No session ID provided
23.12.2024, 18:07:15 [info]: [validateAndUpdateSession] No session ID provided
23.12.2024, 18:07:16 [info]: [validateAndUpdateSession] No session ID provided
23.12.2024, 18:07:16 [info]: [validateAndUpdateSession] No session ID provided
23.12.2024, 18:07:16 [info]: [validateAndUpdateSession] No session ID provided
23.12.2024, 18:07:17 [info]: [validateAndUpdateSession] No session ID provided
23.12.2024, 18:07:17 [info]: [validateAndUpdateSession] No session ID provided
23.12.2024, 18:07:17 [info]: [validateAndUpdateSession] No session ID provided
23.12.2024, 18:07:17 [info]: [validateAndUpdateSession] No session ID provided
23.12.2024, 18:07:18 [info]: [validateAndUpdateSession] No session ID provided
23.12.2024, 18:07:18 [info]: [validateAndUpdateSession] No session ID provided
23.12.2024, 18:07:19 [info]: [validateAndUpdateSession] No session ID provided
23.12.2024, 18:07:19 [info]: [validateAndUpdateSession] No session ID provided
23.12.2024, 18:07:19 [info]: [validateAndUpdateSession] No session ID provided
23.12.2024, 18:07:20 [info]: [validateAndUpdateSession] No session ID provided
23.12.2024, 18:07:27 [info]: [encryptPassword] Password encrypted successfully
23.12.2024, 18:07:27 [info]: [unsafeValidateLogin] Login successful: username=admin
23.12.2024, 18:07:27 [info]: [generateUUID] Generated UUID: 2572b98c-7cbd-4c18-a10a-ab5c9663242c
23.12.2024, 18:07:27 [info]: [unsafeGenerateSession] Starting session creation for user: admin
23.12.2024, 18:07:27 [info]: [unsafeGenerateSession] Deleted 0 session(s) for user ID: 9
23.12.2024, 18:07:27 [info]: [unsafeGenerateSession] Session created: ID=2572b98c-7cbd-4c18-a10a-ab5c9663242c, user=admin
23.12.2024, 18:07:27 [info]: [unsafeLogin] Login successful: username=admin, sessionID=2572b98c-7cbd-4c18-a10a-ab5c9663242c
23.12.2024, 18:07:27 [info]: [validateAndUpdateSession] Safe Mode: false
23.12.2024, 18:07:28 [info]: [validateAndUpdateSession] Session updated successfully: ID=2572b98c-7cbd-4c18-a10a-ab5c9663242c
23.12.2024, 18:07:28 [info]: [getUser] Retrieved username: admin for session ID: 2572b98c-7cbd-4c18-a10a-ab5c9663242c
23.12.2024, 18:07:30 [info]: [validateAndUpdateSession] Safe Mode: false
23.12.2024, 18:07:30 [info]: [validateAndUpdateSession] Session updated successfully: ID=2572b98c-7cbd-4c18-a10a-ab5c9663242c
23.12.2024, 18:07:30 [info]: [getUser] Retrieved username: admin for session ID: 2572b98c-7cbd-4c18-a10a-ab5c9663242c
23.12.2024, 18:07:31 [info]: [validateAndUpdateSession] Safe Mode: false
23.12.2024, 18:07:31 [info]: [validateAndUpdateSession] Session updated successfully: ID=2572b98c-7cbd-4c18-a10a-ab5c9663242c
23.12.2024, 18:07:31 [info]: [getUser] Retrieved username: admin for session ID: 2572b98c-7cbd-4c18-a10a-ab5c9663242c
23.12.2024, 18:07:32 [info]: [validateAndUpdateSession] Safe Mode: false
23.12.2024, 18:07:32 [info]: [validateAndUpdateSession] Session updated successfully: ID=2572b98c-7cbd-4c18-a10a-ab5c9663242c
23.12.2024, 18:07:33 [info]: [getUser] Retrieved username: admin for session ID: 2572b98c-7cbd-4c18-a10a-ab5c9663242c
23.12.2024, 18:07:38 [info]: [validateAndUpdateSession] Safe Mode: true
23.12.2024, 18:07:38 [info]: [validateAndUpdateSession] Session updated successfully: ID=2572b98c-7cbd-4c18-a10a-ab5c9663242c
23.12.2024, 18:07:38 [info]: [getUser] Retrieved username: admin for session ID: 2572b98c-7cbd-4c18-a10a-ab5c9663242c
23.12.2024, 18:07:39 [info]: [validateAndUpdateSession] Safe Mode: true
23.12.2024, 18:07:39 [info]: [validateAndUpdateSession] Session updated successfully: ID=2572b98c-7cbd-4c18-a10a-ab5c9663242c
23.12.2024, 18:07:39 [info]: [getUser] Retrieved username: admin for session ID: 2572b98c-7cbd-4c18-a10a-ab5c9663242c
23.12.2024, 22:16:42 [info]: Loading route file: route_account_management.js
23.12.2024, 22:16:42 [info]: Loading route file: route_blog.js
23.12.2024, 22:16:42 [info]: Server is running on http://localhost:3000
23.12.2024, 22:16:42 [error]: Fehler beim Überprüfen des Uvicorn-Servers: connect ECONNREFUSED 127.0.0.1:8001
23.12.2024, 22:16:43 [info]: Database connection established
23.12.2024, 22:16:43 [info]: [validateAndUpdateSession] No session ID provided
23.12.2024, 22:24:00 [info]: [validateAndUpdateSession] No session ID provided
23.12.2024, 22:26:36 [info]: [validateAndUpdateSession] No session ID provided
23.12.2024, 22:26:37 [info]: [validateAndUpdateSession] No session ID provided
23.12.2024, 22:27:20 [info]: [validateAndUpdateSession] No session ID provided
23.12.2024, 22:27:41 [info]: [validateAndUpdateSession] No session ID provided
23.12.2024, 22:28:07 [info]: [validateAndUpdateSession] No session ID provided
23.12.2024, 22:32:55 [info]: Loading route file: route_account_management.js
23.12.2024, 22:32:55 [info]: Loading route file: route_blog.js
23.12.2024, 22:32:55 [info]: Server is running on http://localhost:3000
23.12.2024, 22:32:55 [error]: Fehler beim Überprüfen des Uvicorn-Servers: connect ECONNREFUSED 127.0.0.1:8001
23.12.2024, 22:32:56 [info]: Database connection established
23.12.2024, 22:41:00 [info]: Loading route file: route_account_management.js
23.12.2024, 22:41:00 [info]: Loading route file: route_blog.js
23.12.2024, 22:41:00 [info]: Server is running on http://localhost:3000
23.12.2024, 22:41:00 [error]: Fehler beim Überprüfen des Uvicorn-Servers: connect ECONNREFUSED 127.0.0.1:8001
23.12.2024, 22:41:01 [info]: Database connection established
23.12.2024, 23:01:02 [info]: Loading route file: route_account_management.js
23.12.2024, 23:01:02 [info]: Loading route file: route_blog.js
23.12.2024, 23:01:02 [info]: Server is running on http://localhost:3000
23.12.2024, 23:01:02 [error]: Fehler beim Überprüfen des Uvicorn-Servers: connect ECONNREFUSED 127.0.0.1:8001
23.12.2024, 23:01:03 [info]: Database connection established
23.12.2024, 23:01:03 [info]: [validateAndUpdateSession] No session ID provided
23.12.2024, 23:05:13 [info]: [validateAndUpdateSession] No session ID provided
23.12.2024, 23:15:19 [info]: [validateAndUpdateSession] No session ID provided
23.12.2024, 23:15:22 [info]: [validateAndUpdateSession] No session ID provided
23.12.2024, 23:20:55 [info]: [validateAndUpdateSession] No session ID provided
23.12.2024, 23:21:00 [info]: [validateAndUpdateSession] No session ID provided
23.12.2024, 23:21:06 [info]: [validateAndUpdateSession] No session ID provided
23.12.2024, 23:21:07 [info]: [validateAndUpdateSession] No session ID provided
23.12.2024, 23:21:07 [info]: [validateAndUpdateSession] No session ID provided
23.12.2024, 23:21:27 [info]: [validateAndUpdateSession] No session ID provided
23.12.2024, 23:21:28 [info]: [validateAndUpdateSession] No session ID provided
23.12.2024, 23:21:33 [info]: [validateAndUpdateSession] No session ID provided
23.12.2024, 23:21:33 [info]: [validateAndUpdateSession] No session ID provided
23.12.2024, 23:21:43 [info]: [validateAndUpdateSession] No session ID provided
23.12.2024, 23:22:32 [info]: [validateAndUpdateSession] No session ID provided
23.12.2024, 23:26:38 [info]: [validateAndUpdateSession] No session ID provided
23.12.2024, 23:28:02 [info]: Loading route file: route_account_management.js
23.12.2024, 23:28:02 [info]: Loading route file: route_blog.js
23.12.2024, 23:28:02 [info]: Server is running on http://localhost:3000
23.12.2024, 23:28:02 [error]: Fehler beim Überprüfen des Uvicorn-Servers: connect ECONNREFUSED 127.0.0.1:8001
23.12.2024, 23:28:04 [info]: Database connection established
23.12.2024, 23:28:49 [info]: Loading route file: route_account_management.js
23.12.2024, 23:28:49 [info]: Loading route file: route_blog.js
23.12.2024, 23:28:49 [info]: Server is running on http://localhost:3000
23.12.2024, 23:28:49 [error]: Fehler beim Überprüfen des Uvicorn-Servers: connect ECONNREFUSED 127.0.0.1:8001
23.12.2024, 23:28:50 [info]: Database connection established
23.12.2024, 23:30:36 [info]: Loading route file: route_account_management.js
23.12.2024, 23:30:36 [info]: Loading route file: route_blog.js
23.12.2024, 23:30:36 [info]: Server is running on http://localhost:3000
23.12.2024, 23:30:36 [error]: Fehler beim Überprüfen des Uvicorn-Servers: connect ECONNREFUSED 127.0.0.1:8001
23.12.2024, 23:30:37 [info]: Database connection established
23.12.2024, 23:31:05 [info]: Loading route file: route_account_management.js
23.12.2024, 23:31:05 [info]: Loading route file: route_blog.js
23.12.2024, 23:31:05 [info]: Server is running on http://localhost:3000
23.12.2024, 23:31:05 [error]: Fehler beim Überprüfen des Uvicorn-Servers: connect ECONNREFUSED 127.0.0.1:8001
23.12.2024, 23:31:06 [info]: Database connection established
23.12.2024, 23:31:33 [info]: [validateAndUpdateSession] No session ID provided
